<?xml version="1.0" encoding="UTF-8"?>
<testsuite xmlns:xsi="http://www.w3.org/2001/XMLSchema-instance" xsi:noNamespaceSchemaLocation="https://maven.apache.org/surefire/maven-failsafe-plugin/xsd/failsafe-test-report.xsd" name="Como usuario , Yo quiero ingresar a la plataforma Utest para ver todos los cursos" time="73.411" tests="1" errors="0" skipped="0" failures="1">
  <properties>
    <property name="sun.desktop" value="windows"/>
    <property name="awt.toolkit" value="sun.awt.windows.WToolkit"/>
    <property name="file.encoding.pkg" value="sun.io"/>
    <property name="java.specification.version" value="1.8"/>
    <property name="webdriver.chrome.driver" value="C:\Users\daniel.perea\.cache\selenium\chromedriver\win32\105.0.5195.52\chromedriver.exe"/>
    <property name="sun.cpu.isalist" value="amd64"/>
    <property name="sun.jnu.encoding" value="Cp1252"/>
    <property name="java.class.path" value="C:\Users\daniel.perea\OneDrive - Valid Solucoes e Servicos em Meios de Pagamentos\Documentos\Automatizaciones\prueba_automatizar\target\test-classes;C:\Users\daniel.perea\OneDrive - Valid Solucoes e Servicos em Meios de Pagamentos\Documentos\Automatizaciones\prueba_automatizar\target\cucumber-starter-1.0.0-SNAPSHOT.jar;C:\Users\daniel.perea\.m2\repository\net\serenity-bdd\serenity-core\2.6.0\serenity-core-2.6.0.jar;C:\Users\daniel.perea\.m2\repository\net\serenity-bdd\serenity-model\2.6.0\serenity-model-2.6.0.jar;C:\Users\daniel.perea\.m2\repository\org\apache\commons\commons-text\1.9\commons-text-1.9.jar;C:\Users\daniel.perea\.m2\repository\commons-net\commons-net\3.6\commons-net-3.6.jar;C:\Users\daniel.perea\.m2\repository\com\google\guava\guava\30.1-jre\guava-30.1-jre.jar;C:\Users\daniel.perea\.m2\repository\com\google\guava\failureaccess\1.0.1\failureaccess-1.0.1.jar;C:\Users\daniel.perea\.m2\repository\com\google\guava\listenablefuture\9999.0-empty-to-avoid-conflict-with-guava\listenablefuture-9999.0-empty-to-avoid-conflict-with-guava.jar;C:\Users\daniel.perea\.m2\repository\com\google\code\findbugs\jsr305\3.0.2\jsr305-3.0.2.jar;C:\Users\daniel.perea\.m2\repository\org\checkerframework\checker-qual\3.5.0\checker-qual-3.5.0.jar;C:\Users\daniel.perea\.m2\repository\com\google\errorprone\error_prone_annotations\2.3.4\error_prone_annotations-2.3.4.jar;C:\Users\daniel.perea\.m2\repository\com\google\j2objc\j2objc-annotations\1.3\j2objc-annotations-1.3.jar;C:\Users\daniel.perea\.m2\repository\com\google\inject\guice\5.0.1\guice-5.0.1.jar;C:\Users\daniel.perea\.m2\repository\javax\inject\javax.inject\1\javax.inject-1.jar;C:\Users\daniel.perea\.m2\repository\aopalliance\aopalliance\1.0\aopalliance-1.0.jar;C:\Users\daniel.perea\.m2\repository\org\jsoup\jsoup\1.13.1\jsoup-1.13.1.jar;C:\Users\daniel.perea\.m2\repository\com\thoughtworks\xstream\xstream\1.4.18\xstream-1.4.18.jar;C:\Users\daniel.perea\.m2\repository\io\github\x-stream\mxparser\1.2.2\mxparser-1.2.2.jar;C:\Users\daniel.perea\.m2\repository\xmlpull\xmlpull\1.1.3.1\xmlpull-1.1.3.1.jar;C:\Users\daniel.perea\.m2\repository\io\cucumber\cucumber-core\6.10.2\cucumber-core-6.10.2.jar;C:\Users\daniel.perea\.m2\repository\io\cucumber\cucumber-gherkin\6.10.2\cucumber-gherkin-6.10.2.jar;C:\Users\daniel.perea\.m2\repository\io\cucumber\cucumber-gherkin-messages\6.10.2\cucumber-gherkin-messages-6.10.2.jar;C:\Users\daniel.perea\.m2\repository\io\cucumber\messages\14.0.1\messages-14.0.1.jar;C:\Users\daniel.perea\.m2\repository\io\cucumber\tag-expressions\3.0.0\tag-expressions-3.0.0.jar;C:\Users\daniel.perea\.m2\repository\io\cucumber\cucumber-expressions\10.3.0\cucumber-expressions-10.3.0.jar;C:\Users\daniel.perea\.m2\repository\io\cucumber\cucumber-plugin\6.10.2\cucumber-plugin-6.10.2.jar;C:\Users\daniel.perea\.m2\repository\io\cucumber\docstring\6.10.2\docstring-6.10.2.jar;C:\Users\daniel.perea\.m2\repository\io\cucumber\html-formatter\12.0.0\html-formatter-12.0.0.jar;C:\Users\daniel.perea\.m2\repository\io\cucumber\create-meta\3.0.0\create-meta-3.0.0.jar;C:\Users\daniel.perea\.m2\repository\com\typesafe\config\1.3.1\config-1.3.1.jar;C:\Users\daniel.perea\.m2\repository\org\imgscalr\imgscalr-lib\4.2\imgscalr-lib-4.2.jar;C:\Users\daniel.perea\.m2\repository\org\awaitility\awaitility\4.0.3\awaitility-4.0.3.jar;C:\Users\daniel.perea\.m2\repository\org\freemarker\freemarker\2.3.29\freemarker-2.3.29.jar;C:\Users\daniel.perea\.m2\repository\org\reflections\reflections\0.9.12\reflections-0.9.12.jar;C:\Users\daniel.perea\.m2\repository\org\javassist\javassist\3.26.0-GA\javassist-3.26.0-GA.jar;C:\Users\daniel.perea\.m2\repository\net\sourceforge\jexcelapi\jxl\2.6.12\jxl-2.6.12.jar;C:\Users\daniel.perea\.m2\repository\org\asciidoctor\asciidoctorj\2.5.1\asciidoctorj-2.5.1.jar;C:\Users\daniel.perea\.m2\repository\org\asciidoctor\asciidoctorj-api\2.5.1\asciidoctorj-api-2.5.1.jar;C:\Users\daniel.perea\.m2\repository\org\jruby\jruby\9.2.17.0\jruby-9.2.17.0.jar;C:\Users\daniel.perea\.m2\repository\org\jruby\jruby-core\9.2.17.0\jruby-core-9.2.17.0.jar;C:\Users\daniel.perea\.m2\repository\com\github\jnr\jnr-netdb\1.2.0\jnr-netdb-1.2.0.jar;C:\Users\daniel.perea\.m2\repository\com\github\jnr\jnr-enxio\0.32.3\jnr-enxio-0.32.3.jar;C:\Users\daniel.perea\.m2\repository\com\github\jnr\jnr-unixsocket\0.38.5\jnr-unixsocket-0.38.5.jar;C:\Users\daniel.perea\.m2\repository\com\github\jnr\jnr-posix\3.1.4\jnr-posix-3.1.4.jar;C:\Users\daniel.perea\.m2\repository\com\github\jnr\jnr-constants\0.10.1\jnr-constants-0.10.1.jar;C:\Users\daniel.perea\.m2\repository\com\github\jnr\jffi\1.3.1\jffi-1.3.1.jar;C:\Users\daniel.perea\.m2\repository\com\github\jnr\jffi\1.3.1\jffi-1.3.1-native.jar;C:\Users\daniel.perea\.m2\repository\org\jruby\joni\joni\2.1.31\joni-2.1.31.jar;C:\Users\daniel.perea\.m2\repository\org\jruby\jcodings\jcodings\1.0.46\jcodings-1.0.46.jar;C:\Users\daniel.perea\.m2\repository\org\jruby\dirgra\0.3\dirgra-0.3.jar;C:\Users\daniel.perea\.m2\repository\com\headius\invokebinder\1.11\invokebinder-1.11.jar;C:\Users\daniel.perea\.m2\repository\com\headius\options\1.4\options-1.4.jar;C:\Users\daniel.perea\.m2\repository\com\jcraft\jzlib\1.1.3\jzlib-1.1.3.jar;C:\Users\daniel.perea\.m2\repository\com\martiansoftware\nailgun-server\0.9.1\nailgun-server-0.9.1.jar;C:\Users\daniel.perea\.m2\repository\com\headius\backport9\1.8\backport9-1.8.jar;C:\Users\daniel.perea\.m2\repository\javax\annotation\javax.annotation-api\1.3.1\javax.annotation-api-1.3.1.jar;C:\Users\daniel.perea\.m2\repository\org\jruby\jruby-stdlib\9.2.17.0\jruby-stdlib-9.2.17.0.jar;C:\Users\daniel.perea\.m2\repository\net\bytebuddy\byte-buddy\1.11.1\byte-buddy-1.11.1.jar;C:\Users\daniel.perea\.m2\repository\net\bytebuddy\byte-buddy-agent\1.11.1\byte-buddy-agent-1.11.1.jar;C:\Users\daniel.perea\.m2\repository\org\objenesis\objenesis\3.1\objenesis-3.1.jar;C:\Users\daniel.perea\.m2\repository\net\serenity-bdd\serenity-reports\2.6.0\serenity-reports-2.6.0.jar;C:\Users\daniel.perea\.m2\repository\net\serenity-bdd\serenity-stats\2.6.0\serenity-stats-2.6.0.jar;C:\Users\daniel.perea\.m2\repository\net\serenity-bdd\serenity-reports-configuration\2.6.0\serenity-reports-configuration-2.6.0.jar;C:\Users\daniel.perea\.m2\repository\com\vladsch\flexmark\flexmark-all\0.34.30\flexmark-all-0.34.30.jar;C:\Users\daniel.perea\.m2\repository\com\vladsch\flexmark\flexmark\0.34.30\flexmark-0.34.30.jar;C:\Users\daniel.perea\.m2\repository\com\vladsch\flexmark\flexmark-ext-abbreviation\0.34.30\flexmark-ext-abbreviation-0.34.30.jar;C:\Users\daniel.perea\.m2\repository\com\vladsch\flexmark\flexmark-ext-admonition\0.34.30\flexmark-ext-admonition-0.34.30.jar;C:\Users\daniel.perea\.m2\repository\com\vladsch\flexmark\flexmark-ext-anchorlink\0.34.30\flexmark-ext-anchorlink-0.34.30.jar;C:\Users\daniel.perea\.m2\repository\com\vladsch\flexmark\flexmark-ext-aside\0.34.30\flexmark-ext-aside-0.34.30.jar;C:\Users\daniel.perea\.m2\repository\com\vladsch\flexmark\flexmark-ext-attributes\0.34.30\flexmark-ext-attributes-0.34.30.jar;C:\Users\daniel.perea\.m2\repository\com\vladsch\flexmark\flexmark-ext-autolink\0.34.30\flexmark-ext-autolink-0.34.30.jar;C:\Users\daniel.perea\.m2\repository\org\nibor\autolink\autolink\0.6.0\autolink-0.6.0.jar;C:\Users\daniel.perea\.m2\repository\com\vladsch\flexmark\flexmark-ext-definition\0.34.30\flexmark-ext-definition-0.34.30.jar;C:\Users\daniel.perea\.m2\repository\com\vladsch\flexmark\flexmark-ext-emoji\0.34.30\flexmark-ext-emoji-0.34.30.jar;C:\Users\daniel.perea\.m2\repository\com\vladsch\flexmark\flexmark-ext-enumerated-reference\0.34.30\flexmark-ext-enumerated-reference-0.34.30.jar;C:\Users\daniel.perea\.m2\repository\com\vladsch\flexmark\flexmark-ext-escaped-character\0.34.30\flexmark-ext-escaped-character-0.34.30.jar;C:\Users\daniel.perea\.m2\repository\com\vladsch\flexmark\flexmark-ext-footnotes\0.34.30\flexmark-ext-footnotes-0.34.30.jar;C:\Users\daniel.perea\.m2\repository\com\vladsch\flexmark\flexmark-ext-gfm-issues\0.34.30\flexmark-ext-gfm-issues-0.34.30.jar;C:\Users\daniel.perea\.m2\repository\com\vladsch\flexmark\flexmark-ext-gfm-strikethrough\0.34.30\flexmark-ext-gfm-strikethrough-0.34.30.jar;C:\Users\daniel.perea\.m2\repository\com\vladsch\flexmark\flexmark-ext-gfm-tables\0.34.30\flexmark-ext-gfm-tables-0.34.30.jar;C:\Users\daniel.perea\.m2\repository\com\vladsch\flexmark\flexmark-ext-gfm-tasklist\0.34.30\flexmark-ext-gfm-tasklist-0.34.30.jar;C:\Users\daniel.perea\.m2\repository\com\vladsch\flexmark\flexmark-ext-gfm-users\0.34.30\flexmark-ext-gfm-users-0.34.30.jar;C:\Users\daniel.perea\.m2\repository\com\vladsch\flexmark\flexmark-ext-gitlab\0.34.30\flexmark-ext-gitlab-0.34.30.jar;C:\Users\daniel.perea\.m2\repository\com\vladsch\flexmark\flexmark-ext-jekyll-front-matter\0.34.30\flexmark-ext-jekyll-front-matter-0.34.30.jar;C:\Users\daniel.perea\.m2\repository\com\vladsch\flexmark\flexmark-ext-jekyll-tag\0.34.30\flexmark-ext-jekyll-tag-0.34.30.jar;C:\Users\daniel.perea\.m2\repository\com\vladsch\flexmark\flexmark-ext-media-tags\0.34.30\flexmark-ext-media-tags-0.34.30.jar;C:\Users\daniel.perea\.m2\repository\com\vladsch\flexmark\flexmark-test-util\0.34.30\flexmark-test-util-0.34.30.jar;C:\Users\daniel.perea\.m2\repository\com\vladsch\flexmark\flexmark-ext-ins\0.34.30\flexmark-ext-ins-0.34.30.jar;C:\Users\daniel.perea\.m2\repository\com\vladsch\flexmark\flexmark-ext-xwiki-macros\0.34.30\flexmark-ext-xwiki-macros-0.34.30.jar;C:\Users\daniel.perea\.m2\repository\com\vladsch\flexmark\flexmark-ext-superscript\0.34.30\flexmark-ext-superscript-0.34.30.jar;C:\Users\daniel.perea\.m2\repository\com\vladsch\flexmark\flexmark-ext-tables\0.34.30\flexmark-ext-tables-0.34.30.jar;C:\Users\daniel.perea\.m2\repository\com\vladsch\flexmark\flexmark-ext-toc\0.34.30\flexmark-ext-toc-0.34.30.jar;C:\Users\daniel.perea\.m2\repository\com\vladsch\flexmark\flexmark-ext-typographic\0.34.30\flexmark-ext-typographic-0.34.30.jar;C:\Users\daniel.perea\.m2\repository\com\vladsch\flexmark\flexmark-ext-wikilink\0.34.30\flexmark-ext-wikilink-0.34.30.jar;C:\Users\daniel.perea\.m2\repository\com\vladsch\flexmark\flexmark-ext-yaml-front-matter\0.34.30\flexmark-ext-yaml-front-matter-0.34.30.jar;C:\Users\daniel.perea\.m2\repository\com\vladsch\flexmark\flexmark-ext-youtube-embedded\0.34.30\flexmark-ext-youtube-embedded-0.34.30.jar;C:\Users\daniel.perea\.m2\repository\com\vladsch\flexmark\flexmark-formatter\0.34.30\flexmark-formatter-0.34.30.jar;C:\Users\daniel.perea\.m2\repository\com\vladsch\flexmark\flexmark-html-parser\0.34.30\flexmark-html-parser-0.34.30.jar;C:\Users\daniel.perea\.m2\repository\com\vladsch\flexmark\flexmark-jira-converter\0.34.30\flexmark-jira-converter-0.34.30.jar;C:\Users\daniel.perea\.m2\repository\com\vladsch\flexmark\flexmark-pdf-converter\0.34.30\flexmark-pdf-converter-0.34.30.jar;C:\Users\daniel.perea\.m2\repository\com\openhtmltopdf\openhtmltopdf-core\0.0.1-RC13\openhtmltopdf-core-0.0.1-RC13.jar;C:\Users\daniel.perea\.m2\repository\com\openhtmltopdf\openhtmltopdf-pdfbox\0.0.1-RC13\openhtmltopdf-pdfbox-0.0.1-RC13.jar;C:\Users\daniel.perea\.m2\repository\org\apache\pdfbox\pdfbox\2.0.8\pdfbox-2.0.8.jar;C:\Users\daniel.perea\.m2\repository\org\apache\pdfbox\fontbox\2.0.8\fontbox-2.0.8.jar;C:\Users\daniel.perea\.m2\repository\org\apache\pdfbox\xmpbox\2.0.8\xmpbox-2.0.8.jar;C:\Users\daniel.perea\.m2\repository\de\rototor\pdfbox\graphics2d\0.12\graphics2d-0.12.jar;C:\Users\daniel.perea\.m2\repository\com\openhtmltopdf\openhtmltopdf-rtl-support\0.0.1-RC13\openhtmltopdf-rtl-support-0.0.1-RC13.jar;C:\Users\daniel.perea\.m2\repository\com\ibm\icu\icu4j\59.1\icu4j-59.1.jar;C:\Users\daniel.perea\.m2\repository\com\openhtmltopdf\openhtmltopdf-jsoup-dom-converter\0.0.1-RC13\openhtmltopdf-jsoup-dom-converter-0.0.1-RC13.jar;C:\Users\daniel.perea\.m2\repository\com\vladsch\flexmark\flexmark-profile-pegdown\0.34.30\flexmark-profile-pegdown-0.34.30.jar;C:\Users\daniel.perea\.m2\repository\com\vladsch\flexmark\flexmark-util\0.34.30\flexmark-util-0.34.30.jar;C:\Users\daniel.perea\.m2\repository\com\vladsch\flexmark\flexmark-youtrack-converter\0.34.30\flexmark-youtrack-converter-0.34.30.jar;C:\Users\daniel.perea\.m2\repository\es\nitaur\markdown\txtmark\0.16\txtmark-0.16.jar;C:\Users\daniel.perea\.m2\repository\net\serenity-bdd\serenity-report-resources\2.6.0\serenity-report-resources-2.6.0.jar;C:\Users\daniel.perea\.m2\repository\com\google\code\gson\gson\2.8.7\gson-2.8.7.jar;C:\Users\daniel.perea\.m2\repository\com\fasterxml\jackson\core\jackson-core\2.12.4\jackson-core-2.12.4.jar;C:\Users\daniel.perea\.m2\repository\com\fasterxml\jackson\core\jackson-databind\2.12.4\jackson-databind-2.12.4.jar;C:\Users\daniel.perea\.m2\repository\com\fasterxml\jackson\core\jackson-annotations\2.12.4\jackson-annotations-2.12.4.jar;C:\Users\daniel.perea\.m2\repository\commons-codec\commons-codec\1.15\commons-codec-1.15.jar;C:\Users\daniel.perea\.m2\repository\commons-io\commons-io\2.8.0\commons-io-2.8.0.jar;C:\Users\daniel.perea\.m2\repository\org\seleniumhq\selenium\selenium-server\3.141.59\selenium-server-3.141.59.jar;C:\Users\daniel.perea\.m2\repository\org\seleniumhq\selenium\selenium-opera-driver\3.141.59\selenium-opera-driver-3.141.59.jar;C:\Users\daniel.perea\.m2\repository\org\seleniumhq\selenium\selenium-remote-driver\3.141.59\selenium-remote-driver-3.141.59.jar;C:\Users\daniel.perea\.m2\repository\org\seleniumhq\selenium\selenium-safari-driver\3.141.59\selenium-safari-driver-3.141.59.jar;C:\Users\daniel.perea\.m2\repository\com\beust\jcommander\1.72\jcommander-1.72.jar;C:\Users\daniel.perea\.m2\repository\org\apache\commons\commons-exec\1.3\commons-exec-1.3.jar;C:\Users\daniel.perea\.m2\repository\net\jcip\jcip-annotations\1.0\jcip-annotations-1.0.jar;C:\Users\daniel.perea\.m2\repository\org\seleniumhq\selenium\jetty-repacked\9.4.12.v20180830\jetty-repacked-9.4.12.v20180830.jar;C:\Users\daniel.perea\.m2\repository\com\squareup\okhttp3\okhttp\3.11.0\okhttp-3.11.0.jar;C:\Users\daniel.perea\.m2\repository\com\squareup\okio\okio\1.14.0\okio-1.14.0.jar;C:\Users\daniel.perea\.m2\repository\javax\servlet\javax.servlet-api\3.1.0\javax.servlet-api-3.1.0.jar;C:\Users\daniel.perea\.m2\repository\org\yaml\snakeyaml\1.19\snakeyaml-1.19.jar;C:\Users\daniel.perea\.m2\repository\org\seleniumhq\selenium\selenium-java\3.141.59\selenium-java-3.141.59.jar;C:\Users\daniel.perea\.m2\repository\org\seleniumhq\selenium\selenium-api\3.141.59\selenium-api-3.141.59.jar;C:\Users\daniel.perea\.m2\repository\org\seleniumhq\selenium\selenium-support\3.141.59\selenium-support-3.141.59.jar;C:\Users\daniel.perea\.m2\repository\org\seleniumhq\selenium\selenium-chrome-driver\3.141.59\selenium-chrome-driver-3.141.59.jar;C:\Users\daniel.perea\.m2\repository\org\seleniumhq\selenium\selenium-firefox-driver\3.141.59\selenium-firefox-driver-3.141.59.jar;C:\Users\daniel.perea\.m2\repository\org\seleniumhq\selenium\selenium-edge-driver\3.141.59\selenium-edge-driver-3.141.59.jar;C:\Users\daniel.perea\.m2\repository\org\seleniumhq\selenium\selenium-ie-driver\3.141.59\selenium-ie-driver-3.141.59.jar;C:\Users\daniel.perea\.m2\repository\net\sourceforge\htmlunit\htmlunit\2.47.1\htmlunit-2.47.1.jar;C:\Users\daniel.perea\.m2\repository\xalan\xalan\2.7.2\xalan-2.7.2.jar;C:\Users\daniel.perea\.m2\repository\xalan\serializer\2.7.2\serializer-2.7.2.jar;C:\Users\daniel.perea\.m2\repository\org\apache\httpcomponents\httpmime\4.5.13\httpmime-4.5.13.jar;C:\Users\daniel.perea\.m2\repository\net\sourceforge\htmlunit\htmlunit-core-js\2.47.0\htmlunit-core-js-2.47.0.jar;C:\Users\daniel.perea\.m2\repository\net\sourceforge\htmlunit\neko-htmlunit\2.47.1\neko-htmlunit-2.47.1.jar;C:\Users\daniel.perea\.m2\repository\xerces\xercesImpl\2.12.0\xercesImpl-2.12.0.jar;C:\Users\daniel.perea\.m2\repository\xml-apis\xml-apis\1.4.01\xml-apis-1.4.01.jar;C:\Users\daniel.perea\.m2\repository\net\sourceforge\htmlunit\htmlunit-cssparser\1.7.0\htmlunit-cssparser-1.7.0.jar;C:\Users\daniel.perea\.m2\repository\org\brotli\dec\0.1.2\dec-0.1.2.jar;C:\Users\daniel.perea\.m2\repository\com\shapesecurity\salvation2\3.0.0\salvation2-3.0.0.jar;C:\Users\daniel.perea\.m2\repository\org\eclipse\jetty\websocket\websocket-client\9.4.36.v20210114\websocket-client-9.4.36.v20210114.jar;C:\Users\daniel.perea\.m2\repository\org\eclipse\jetty\jetty-client\9.4.36.v20210114\jetty-client-9.4.36.v20210114.jar;C:\Users\daniel.perea\.m2\repository\org\eclipse\jetty\jetty-http\9.4.36.v20210114\jetty-http-9.4.36.v20210114.jar;C:\Users\daniel.perea\.m2\repository\org\eclipse\jetty\jetty-util\9.4.36.v20210114\jetty-util-9.4.36.v20210114.jar;C:\Users\daniel.perea\.m2\repository\org\eclipse\jetty\jetty-io\9.4.36.v20210114\jetty-io-9.4.36.v20210114.jar;C:\Users\daniel.perea\.m2\repository\org\eclipse\jetty\websocket\websocket-common\9.4.36.v20210114\websocket-common-9.4.36.v20210114.jar;C:\Users\daniel.perea\.m2\repository\org\eclipse\jetty\websocket\websocket-api\9.4.36.v20210114\websocket-api-9.4.36.v20210114.jar;C:\Users\daniel.perea\.m2\repository\org\seleniumhq\selenium\htmlunit-driver\2.47.1\htmlunit-driver-2.47.1.jar;C:\Users\daniel.perea\.m2\repository\com\codeborne\phantomjsdriver\1.4.4\phantomjsdriver-1.4.4.jar;C:\Users\daniel.perea\.m2\repository\org\codehaus\groovy\groovy\3.0.8\groovy-3.0.8.jar;C:\Users\daniel.perea\.m2\repository\net\sf\opencsv\opencsv\2.0\opencsv-2.0.jar;C:\Users\daniel.perea\.m2\repository\commons-beanutils\commons-beanutils\1.9.4\commons-beanutils-1.9.4.jar;C:\Users\daniel.perea\.m2\repository\org\apache\commons\commons-lang3\3.11\commons-lang3-3.11.jar;C:\Users\daniel.perea\.m2\repository\commons-collections\commons-collections\3.2.2\commons-collections-3.2.2.jar;C:\Users\daniel.perea\.m2\repository\org\fluentlenium\fluentlenium-core\0.10.2\fluentlenium-core-0.10.2.jar;C:\Users\daniel.perea\.m2\repository\io\github\bonigarcia\webdrivermanager\4.4.1\webdrivermanager-4.4.1.jar;C:\Users\daniel.perea\.m2\repository\org\apache\httpcomponents\client5\httpclient5\5.0.3\httpclient5-5.0.3.jar;C:\Users\daniel.perea\.m2\repository\org\apache\httpcomponents\core5\httpcore5\5.0.2\httpcore5-5.0.2.jar;C:\Users\daniel.perea\.m2\repository\org\apache\httpcomponents\core5\httpcore5-h2\5.0.2\httpcore5-h2-5.0.2.jar;C:\Users\daniel.perea\.m2\repository\org\rauschig\jarchivelib\1.1.0\jarchivelib-1.1.0.jar;C:\Users\daniel.perea\.m2\repository\com\jhlabs\filters\2.0.235\filters-2.0.235.jar;C:\Users\daniel.perea\.m2\repository\com\paulhammant\ngwebdriver\1.1.5\ngwebdriver-1.1.5.jar;C:\Users\daniel.perea\.m2\repository\joda-time\joda-time\2.8.2\joda-time-2.8.2.jar;C:\Users\daniel.perea\.m2\repository\org\hamcrest\hamcrest\2.2\hamcrest-2.2.jar;C:\Users\daniel.perea\.m2\repository\com\google\jimfs\jimfs\1.1\jimfs-1.1.jar;C:\Users\daniel.perea\.m2\repository\org\mockito\mockito-core\3.3.3\mockito-core-3.3.3.jar;C:\Users\daniel.perea\.m2\repository\javax\xml\bind\jaxb-api\2.3.1\jaxb-api-2.3.1.jar;C:\Users\daniel.perea\.m2\repository\javax\activation\javax.activation-api\1.2.0\javax.activation-api-1.2.0.jar;C:\Users\daniel.perea\.m2\repository\com\sun\xml\bind\jaxb-core\2.3.0.1\jaxb-core-2.3.0.1.jar;C:\Users\daniel.perea\.m2\repository\com\sun\xml\bind\jaxb-impl\2.3.3\jaxb-impl-2.3.3.jar;C:\Users\daniel.perea\.m2\repository\jakarta\xml\bind\jakarta.xml.bind-api\2.3.3\jakarta.xml.bind-api-2.3.3.jar;C:\Users\daniel.perea\.m2\repository\com\sun\activation\jakarta.activation\1.2.2\jakarta.activation-1.2.2.jar;C:\Users\daniel.perea\.m2\repository\javax\activation\activation\1.1.1\activation-1.1.1.jar;C:\Users\daniel.perea\.m2\repository\org\projectlombok\lombok\1.18.22\lombok-1.18.22.jar;C:\Users\daniel.perea\.m2\repository\io\appium\java-client\7.5.1\java-client-7.5.1.jar;C:\Users\daniel.perea\.m2\repository\org\apache\httpcomponents\httpclient\4.5.13\httpclient-4.5.13.jar;C:\Users\daniel.perea\.m2\repository\org\apache\httpcomponents\httpcore\4.4.13\httpcore-4.4.13.jar;C:\Users\daniel.perea\.m2\repository\cglib\cglib\3.3.0\cglib-3.3.0.jar;C:\Users\daniel.perea\.m2\repository\org\ow2\asm\asm\7.1\asm-7.1.jar;C:\Users\daniel.perea\.m2\repository\commons-validator\commons-validator\1.7\commons-validator-1.7.jar;C:\Users\daniel.perea\.m2\repository\commons-digester\commons-digester\2.1\commons-digester-2.1.jar;C:\Users\daniel.perea\.m2\repository\org\springframework\spring-context\5.3.4\spring-context-5.3.4.jar;C:\Users\daniel.perea\.m2\repository\org\springframework\spring-aop\5.3.4\spring-aop-5.3.4.jar;C:\Users\daniel.perea\.m2\repository\org\springframework\spring-beans\5.3.4\spring-beans-5.3.4.jar;C:\Users\daniel.perea\.m2\repository\org\springframework\spring-core\5.3.4\spring-core-5.3.4.jar;C:\Users\daniel.perea\.m2\repository\org\springframework\spring-jcl\5.3.4\spring-jcl-5.3.4.jar;C:\Users\daniel.perea\.m2\repository\org\springframework\spring-expression\5.3.4\spring-expression-5.3.4.jar;C:\Users\daniel.perea\.m2\repository\org\aspectj\aspectjweaver\1.9.6\aspectjweaver-1.9.6.jar;C:\Users\daniel.perea\.m2\repository\org\slf4j\slf4j-api\1.7.30\slf4j-api-1.7.30.jar;C:\Users\daniel.perea\.m2\repository\net\serenity-bdd\serenity-screenplay\2.6.0\serenity-screenplay-2.6.0.jar;C:\Users\daniel.perea\.m2\repository\net\serenity-bdd\serenity-screenplay-webdriver\2.6.0\serenity-screenplay-webdriver-2.6.0.jar;C:\Users\daniel.perea\.m2\repository\net\serenity-bdd\serenity-cucumber6\2.6.0\serenity-cucumber6-2.6.0.jar;C:\Users\daniel.perea\.m2\repository\io\cucumber\cucumber-java\6.10.4\cucumber-java-6.10.4.jar;C:\Users\daniel.perea\.m2\repository\org\apiguardian\apiguardian-api\1.1.1\apiguardian-api-1.1.1.jar;C:\Users\daniel.perea\.m2\repository\io\cucumber\cucumber-junit\6.10.4\cucumber-junit-6.10.4.jar;C:\Users\daniel.perea\.m2\repository\io\cucumber\datatable-matchers\3.4.0\datatable-matchers-3.4.0.jar;C:\Users\daniel.perea\.m2\repository\io\cucumber\datatable\3.4.0\datatable-3.4.0.jar;C:\Users\daniel.perea\.m2\repository\commons-logging\commons-logging\1.2\commons-logging-1.2.jar;C:\Users\daniel.perea\.m2\repository\org\apache\commons\commons-csv\1.5\commons-csv-1.5.jar;C:\Users\daniel.perea\.m2\repository\net\serenity-bdd\serenity-junit\2.6.0\serenity-junit-2.6.0.jar;C:\Users\daniel.perea\.m2\repository\net\serenity-bdd\serenity-ensure\2.6.0\serenity-ensure-2.6.0.jar;C:\Users\daniel.perea\.m2\repository\org\jetbrains\kotlin\kotlin-stdlib\1.5.0\kotlin-stdlib-1.5.0.jar;C:\Users\daniel.perea\.m2\repository\org\jetbrains\annotations\13.0\annotations-13.0.jar;C:\Users\daniel.perea\.m2\repository\org\jetbrains\kotlin\kotlin-stdlib-common\1.5.0\kotlin-stdlib-common-1.5.0.jar;C:\Users\daniel.perea\.m2\repository\org\slf4j\slf4j-simple\1.7.7\slf4j-simple-1.7.7.jar;C:\Users\daniel.perea\.m2\repository\junit\junit\4.13.1\junit-4.13.1.jar;C:\Users\daniel.perea\.m2\repository\org\hamcrest\hamcrest-core\1.3\hamcrest-core-1.3.jar;C:\Users\daniel.perea\.m2\repository\org\assertj\assertj-core\3.8.0\assertj-core-3.8.0.jar;C:\Users\daniel.perea\.m2\repository\org\apache\poi\poi\4.1.2\poi-4.1.2.jar;C:\Users\daniel.perea\.m2\repository\org\apache\commons\commons-collections4\4.4\commons-collections4-4.4.jar;C:\Users\daniel.perea\.m2\repository\org\apache\commons\commons-math3\3.6.1\commons-math3-3.6.1.jar;C:\Users\daniel.perea\.m2\repository\com\zaxxer\SparseBitSet\1.2\SparseBitSet-1.2.jar;C:\Users\daniel.perea\.m2\repository\org\apache\poi\poi-ooxml\4.1.2\poi-ooxml-4.1.2.jar;C:\Users\daniel.perea\.m2\repository\org\apache\poi\poi-ooxml-schemas\4.1.2\poi-ooxml-schemas-4.1.2.jar;C:\Users\daniel.perea\.m2\repository\org\apache\xmlbeans\xmlbeans\3.1.0\xmlbeans-3.1.0.jar;C:\Users\daniel.perea\.m2\repository\org\apache\commons\commons-compress\1.19\commons-compress-1.19.jar;C:\Users\daniel.perea\.m2\repository\com\github\virtuald\curvesapi\1.06\curvesapi-1.06.jar;"/>
    <property name="java.vm.vendor" value="Oracle Corporation"/>
    <property name="sun.arch.data.model" value="64"/>
    <property name="user.variant" value=""/>
    <property name="java.vendor.url" value="http://java.oracle.com/"/>
    <property name="user.timezone" value="America/Bogota"/>
    <property name="java.vm.specification.version" value="1.8"/>
    <property name="os.name" value="Windows 10"/>
    <property name="user.country" value="CO"/>
    <property name="sun.java.launcher" value="SUN_STANDARD"/>
    <property name="sun.boot.library.path" value="C:\Program Files\Java\jdk1.8.0_202\jre\bin"/>
    <property name="sun.java.command" value="C:\Users\DANIEL~1.PER\AppData\Local\Temp\surefire3015959506868759802\surefirebooter677953783054561657.jar C:\Users\daniel.perea\AppData\Local\Temp\surefire3015959506868759802 2022-09-16T08-35-11_098-jvmRun1 surefire2072584514150312301tmp surefire_04420522881061007594tmp"/>
    <property name="surefire.test.class.path" value="C:\Users\daniel.perea\OneDrive - Valid Solucoes e Servicos em Meios de Pagamentos\Documentos\Automatizaciones\prueba_automatizar\target\test-classes;C:\Users\daniel.perea\OneDrive - Valid Solucoes e Servicos em Meios de Pagamentos\Documentos\Automatizaciones\prueba_automatizar\target\cucumber-starter-1.0.0-SNAPSHOT.jar;C:\Users\daniel.perea\.m2\repository\net\serenity-bdd\serenity-core\2.6.0\serenity-core-2.6.0.jar;C:\Users\daniel.perea\.m2\repository\net\serenity-bdd\serenity-model\2.6.0\serenity-model-2.6.0.jar;C:\Users\daniel.perea\.m2\repository\org\apache\commons\commons-text\1.9\commons-text-1.9.jar;C:\Users\daniel.perea\.m2\repository\commons-net\commons-net\3.6\commons-net-3.6.jar;C:\Users\daniel.perea\.m2\repository\com\google\guava\guava\30.1-jre\guava-30.1-jre.jar;C:\Users\daniel.perea\.m2\repository\com\google\guava\failureaccess\1.0.1\failureaccess-1.0.1.jar;C:\Users\daniel.perea\.m2\repository\com\google\guava\listenablefuture\9999.0-empty-to-avoid-conflict-with-guava\listenablefuture-9999.0-empty-to-avoid-conflict-with-guava.jar;C:\Users\daniel.perea\.m2\repository\com\google\code\findbugs\jsr305\3.0.2\jsr305-3.0.2.jar;C:\Users\daniel.perea\.m2\repository\org\checkerframework\checker-qual\3.5.0\checker-qual-3.5.0.jar;C:\Users\daniel.perea\.m2\repository\com\google\errorprone\error_prone_annotations\2.3.4\error_prone_annotations-2.3.4.jar;C:\Users\daniel.perea\.m2\repository\com\google\j2objc\j2objc-annotations\1.3\j2objc-annotations-1.3.jar;C:\Users\daniel.perea\.m2\repository\com\google\inject\guice\5.0.1\guice-5.0.1.jar;C:\Users\daniel.perea\.m2\repository\javax\inject\javax.inject\1\javax.inject-1.jar;C:\Users\daniel.perea\.m2\repository\aopalliance\aopalliance\1.0\aopalliance-1.0.jar;C:\Users\daniel.perea\.m2\repository\org\jsoup\jsoup\1.13.1\jsoup-1.13.1.jar;C:\Users\daniel.perea\.m2\repository\com\thoughtworks\xstream\xstream\1.4.18\xstream-1.4.18.jar;C:\Users\daniel.perea\.m2\repository\io\github\x-stream\mxparser\1.2.2\mxparser-1.2.2.jar;C:\Users\daniel.perea\.m2\repository\xmlpull\xmlpull\1.1.3.1\xmlpull-1.1.3.1.jar;C:\Users\daniel.perea\.m2\repository\io\cucumber\cucumber-core\6.10.2\cucumber-core-6.10.2.jar;C:\Users\daniel.perea\.m2\repository\io\cucumber\cucumber-gherkin\6.10.2\cucumber-gherkin-6.10.2.jar;C:\Users\daniel.perea\.m2\repository\io\cucumber\cucumber-gherkin-messages\6.10.2\cucumber-gherkin-messages-6.10.2.jar;C:\Users\daniel.perea\.m2\repository\io\cucumber\messages\14.0.1\messages-14.0.1.jar;C:\Users\daniel.perea\.m2\repository\io\cucumber\tag-expressions\3.0.0\tag-expressions-3.0.0.jar;C:\Users\daniel.perea\.m2\repository\io\cucumber\cucumber-expressions\10.3.0\cucumber-expressions-10.3.0.jar;C:\Users\daniel.perea\.m2\repository\io\cucumber\cucumber-plugin\6.10.2\cucumber-plugin-6.10.2.jar;C:\Users\daniel.perea\.m2\repository\io\cucumber\docstring\6.10.2\docstring-6.10.2.jar;C:\Users\daniel.perea\.m2\repository\io\cucumber\html-formatter\12.0.0\html-formatter-12.0.0.jar;C:\Users\daniel.perea\.m2\repository\io\cucumber\create-meta\3.0.0\create-meta-3.0.0.jar;C:\Users\daniel.perea\.m2\repository\com\typesafe\config\1.3.1\config-1.3.1.jar;C:\Users\daniel.perea\.m2\repository\org\imgscalr\imgscalr-lib\4.2\imgscalr-lib-4.2.jar;C:\Users\daniel.perea\.m2\repository\org\awaitility\awaitility\4.0.3\awaitility-4.0.3.jar;C:\Users\daniel.perea\.m2\repository\org\freemarker\freemarker\2.3.29\freemarker-2.3.29.jar;C:\Users\daniel.perea\.m2\repository\org\reflections\reflections\0.9.12\reflections-0.9.12.jar;C:\Users\daniel.perea\.m2\repository\org\javassist\javassist\3.26.0-GA\javassist-3.26.0-GA.jar;C:\Users\daniel.perea\.m2\repository\net\sourceforge\jexcelapi\jxl\2.6.12\jxl-2.6.12.jar;C:\Users\daniel.perea\.m2\repository\org\asciidoctor\asciidoctorj\2.5.1\asciidoctorj-2.5.1.jar;C:\Users\daniel.perea\.m2\repository\org\asciidoctor\asciidoctorj-api\2.5.1\asciidoctorj-api-2.5.1.jar;C:\Users\daniel.perea\.m2\repository\org\jruby\jruby\9.2.17.0\jruby-9.2.17.0.jar;C:\Users\daniel.perea\.m2\repository\org\jruby\jruby-core\9.2.17.0\jruby-core-9.2.17.0.jar;C:\Users\daniel.perea\.m2\repository\com\github\jnr\jnr-netdb\1.2.0\jnr-netdb-1.2.0.jar;C:\Users\daniel.perea\.m2\repository\com\github\jnr\jnr-enxio\0.32.3\jnr-enxio-0.32.3.jar;C:\Users\daniel.perea\.m2\repository\com\github\jnr\jnr-unixsocket\0.38.5\jnr-unixsocket-0.38.5.jar;C:\Users\daniel.perea\.m2\repository\com\github\jnr\jnr-posix\3.1.4\jnr-posix-3.1.4.jar;C:\Users\daniel.perea\.m2\repository\com\github\jnr\jnr-constants\0.10.1\jnr-constants-0.10.1.jar;C:\Users\daniel.perea\.m2\repository\com\github\jnr\jffi\1.3.1\jffi-1.3.1.jar;C:\Users\daniel.perea\.m2\repository\com\github\jnr\jffi\1.3.1\jffi-1.3.1-native.jar;C:\Users\daniel.perea\.m2\repository\org\jruby\joni\joni\2.1.31\joni-2.1.31.jar;C:\Users\daniel.perea\.m2\repository\org\jruby\jcodings\jcodings\1.0.46\jcodings-1.0.46.jar;C:\Users\daniel.perea\.m2\repository\org\jruby\dirgra\0.3\dirgra-0.3.jar;C:\Users\daniel.perea\.m2\repository\com\headius\invokebinder\1.11\invokebinder-1.11.jar;C:\Users\daniel.perea\.m2\repository\com\headius\options\1.4\options-1.4.jar;C:\Users\daniel.perea\.m2\repository\com\jcraft\jzlib\1.1.3\jzlib-1.1.3.jar;C:\Users\daniel.perea\.m2\repository\com\martiansoftware\nailgun-server\0.9.1\nailgun-server-0.9.1.jar;C:\Users\daniel.perea\.m2\repository\com\headius\backport9\1.8\backport9-1.8.jar;C:\Users\daniel.perea\.m2\repository\javax\annotation\javax.annotation-api\1.3.1\javax.annotation-api-1.3.1.jar;C:\Users\daniel.perea\.m2\repository\org\jruby\jruby-stdlib\9.2.17.0\jruby-stdlib-9.2.17.0.jar;C:\Users\daniel.perea\.m2\repository\net\bytebuddy\byte-buddy\1.11.1\byte-buddy-1.11.1.jar;C:\Users\daniel.perea\.m2\repository\net\bytebuddy\byte-buddy-agent\1.11.1\byte-buddy-agent-1.11.1.jar;C:\Users\daniel.perea\.m2\repository\org\objenesis\objenesis\3.1\objenesis-3.1.jar;C:\Users\daniel.perea\.m2\repository\net\serenity-bdd\serenity-reports\2.6.0\serenity-reports-2.6.0.jar;C:\Users\daniel.perea\.m2\repository\net\serenity-bdd\serenity-stats\2.6.0\serenity-stats-2.6.0.jar;C:\Users\daniel.perea\.m2\repository\net\serenity-bdd\serenity-reports-configuration\2.6.0\serenity-reports-configuration-2.6.0.jar;C:\Users\daniel.perea\.m2\repository\com\vladsch\flexmark\flexmark-all\0.34.30\flexmark-all-0.34.30.jar;C:\Users\daniel.perea\.m2\repository\com\vladsch\flexmark\flexmark\0.34.30\flexmark-0.34.30.jar;C:\Users\daniel.perea\.m2\repository\com\vladsch\flexmark\flexmark-ext-abbreviation\0.34.30\flexmark-ext-abbreviation-0.34.30.jar;C:\Users\daniel.perea\.m2\repository\com\vladsch\flexmark\flexmark-ext-admonition\0.34.30\flexmark-ext-admonition-0.34.30.jar;C:\Users\daniel.perea\.m2\repository\com\vladsch\flexmark\flexmark-ext-anchorlink\0.34.30\flexmark-ext-anchorlink-0.34.30.jar;C:\Users\daniel.perea\.m2\repository\com\vladsch\flexmark\flexmark-ext-aside\0.34.30\flexmark-ext-aside-0.34.30.jar;C:\Users\daniel.perea\.m2\repository\com\vladsch\flexmark\flexmark-ext-attributes\0.34.30\flexmark-ext-attributes-0.34.30.jar;C:\Users\daniel.perea\.m2\repository\com\vladsch\flexmark\flexmark-ext-autolink\0.34.30\flexmark-ext-autolink-0.34.30.jar;C:\Users\daniel.perea\.m2\repository\org\nibor\autolink\autolink\0.6.0\autolink-0.6.0.jar;C:\Users\daniel.perea\.m2\repository\com\vladsch\flexmark\flexmark-ext-definition\0.34.30\flexmark-ext-definition-0.34.30.jar;C:\Users\daniel.perea\.m2\repository\com\vladsch\flexmark\flexmark-ext-emoji\0.34.30\flexmark-ext-emoji-0.34.30.jar;C:\Users\daniel.perea\.m2\repository\com\vladsch\flexmark\flexmark-ext-enumerated-reference\0.34.30\flexmark-ext-enumerated-reference-0.34.30.jar;C:\Users\daniel.perea\.m2\repository\com\vladsch\flexmark\flexmark-ext-escaped-character\0.34.30\flexmark-ext-escaped-character-0.34.30.jar;C:\Users\daniel.perea\.m2\repository\com\vladsch\flexmark\flexmark-ext-footnotes\0.34.30\flexmark-ext-footnotes-0.34.30.jar;C:\Users\daniel.perea\.m2\repository\com\vladsch\flexmark\flexmark-ext-gfm-issues\0.34.30\flexmark-ext-gfm-issues-0.34.30.jar;C:\Users\daniel.perea\.m2\repository\com\vladsch\flexmark\flexmark-ext-gfm-strikethrough\0.34.30\flexmark-ext-gfm-strikethrough-0.34.30.jar;C:\Users\daniel.perea\.m2\repository\com\vladsch\flexmark\flexmark-ext-gfm-tables\0.34.30\flexmark-ext-gfm-tables-0.34.30.jar;C:\Users\daniel.perea\.m2\repository\com\vladsch\flexmark\flexmark-ext-gfm-tasklist\0.34.30\flexmark-ext-gfm-tasklist-0.34.30.jar;C:\Users\daniel.perea\.m2\repository\com\vladsch\flexmark\flexmark-ext-gfm-users\0.34.30\flexmark-ext-gfm-users-0.34.30.jar;C:\Users\daniel.perea\.m2\repository\com\vladsch\flexmark\flexmark-ext-gitlab\0.34.30\flexmark-ext-gitlab-0.34.30.jar;C:\Users\daniel.perea\.m2\repository\com\vladsch\flexmark\flexmark-ext-jekyll-front-matter\0.34.30\flexmark-ext-jekyll-front-matter-0.34.30.jar;C:\Users\daniel.perea\.m2\repository\com\vladsch\flexmark\flexmark-ext-jekyll-tag\0.34.30\flexmark-ext-jekyll-tag-0.34.30.jar;C:\Users\daniel.perea\.m2\repository\com\vladsch\flexmark\flexmark-ext-media-tags\0.34.30\flexmark-ext-media-tags-0.34.30.jar;C:\Users\daniel.perea\.m2\repository\com\vladsch\flexmark\flexmark-test-util\0.34.30\flexmark-test-util-0.34.30.jar;C:\Users\daniel.perea\.m2\repository\com\vladsch\flexmark\flexmark-ext-ins\0.34.30\flexmark-ext-ins-0.34.30.jar;C:\Users\daniel.perea\.m2\repository\com\vladsch\flexmark\flexmark-ext-xwiki-macros\0.34.30\flexmark-ext-xwiki-macros-0.34.30.jar;C:\Users\daniel.perea\.m2\repository\com\vladsch\flexmark\flexmark-ext-superscript\0.34.30\flexmark-ext-superscript-0.34.30.jar;C:\Users\daniel.perea\.m2\repository\com\vladsch\flexmark\flexmark-ext-tables\0.34.30\flexmark-ext-tables-0.34.30.jar;C:\Users\daniel.perea\.m2\repository\com\vladsch\flexmark\flexmark-ext-toc\0.34.30\flexmark-ext-toc-0.34.30.jar;C:\Users\daniel.perea\.m2\repository\com\vladsch\flexmark\flexmark-ext-typographic\0.34.30\flexmark-ext-typographic-0.34.30.jar;C:\Users\daniel.perea\.m2\repository\com\vladsch\flexmark\flexmark-ext-wikilink\0.34.30\flexmark-ext-wikilink-0.34.30.jar;C:\Users\daniel.perea\.m2\repository\com\vladsch\flexmark\flexmark-ext-yaml-front-matter\0.34.30\flexmark-ext-yaml-front-matter-0.34.30.jar;C:\Users\daniel.perea\.m2\repository\com\vladsch\flexmark\flexmark-ext-youtube-embedded\0.34.30\flexmark-ext-youtube-embedded-0.34.30.jar;C:\Users\daniel.perea\.m2\repository\com\vladsch\flexmark\flexmark-formatter\0.34.30\flexmark-formatter-0.34.30.jar;C:\Users\daniel.perea\.m2\repository\com\vladsch\flexmark\flexmark-html-parser\0.34.30\flexmark-html-parser-0.34.30.jar;C:\Users\daniel.perea\.m2\repository\com\vladsch\flexmark\flexmark-jira-converter\0.34.30\flexmark-jira-converter-0.34.30.jar;C:\Users\daniel.perea\.m2\repository\com\vladsch\flexmark\flexmark-pdf-converter\0.34.30\flexmark-pdf-converter-0.34.30.jar;C:\Users\daniel.perea\.m2\repository\com\openhtmltopdf\openhtmltopdf-core\0.0.1-RC13\openhtmltopdf-core-0.0.1-RC13.jar;C:\Users\daniel.perea\.m2\repository\com\openhtmltopdf\openhtmltopdf-pdfbox\0.0.1-RC13\openhtmltopdf-pdfbox-0.0.1-RC13.jar;C:\Users\daniel.perea\.m2\repository\org\apache\pdfbox\pdfbox\2.0.8\pdfbox-2.0.8.jar;C:\Users\daniel.perea\.m2\repository\org\apache\pdfbox\fontbox\2.0.8\fontbox-2.0.8.jar;C:\Users\daniel.perea\.m2\repository\org\apache\pdfbox\xmpbox\2.0.8\xmpbox-2.0.8.jar;C:\Users\daniel.perea\.m2\repository\de\rototor\pdfbox\graphics2d\0.12\graphics2d-0.12.jar;C:\Users\daniel.perea\.m2\repository\com\openhtmltopdf\openhtmltopdf-rtl-support\0.0.1-RC13\openhtmltopdf-rtl-support-0.0.1-RC13.jar;C:\Users\daniel.perea\.m2\repository\com\ibm\icu\icu4j\59.1\icu4j-59.1.jar;C:\Users\daniel.perea\.m2\repository\com\openhtmltopdf\openhtmltopdf-jsoup-dom-converter\0.0.1-RC13\openhtmltopdf-jsoup-dom-converter-0.0.1-RC13.jar;C:\Users\daniel.perea\.m2\repository\com\vladsch\flexmark\flexmark-profile-pegdown\0.34.30\flexmark-profile-pegdown-0.34.30.jar;C:\Users\daniel.perea\.m2\repository\com\vladsch\flexmark\flexmark-util\0.34.30\flexmark-util-0.34.30.jar;C:\Users\daniel.perea\.m2\repository\com\vladsch\flexmark\flexmark-youtrack-converter\0.34.30\flexmark-youtrack-converter-0.34.30.jar;C:\Users\daniel.perea\.m2\repository\es\nitaur\markdown\txtmark\0.16\txtmark-0.16.jar;C:\Users\daniel.perea\.m2\repository\net\serenity-bdd\serenity-report-resources\2.6.0\serenity-report-resources-2.6.0.jar;C:\Users\daniel.perea\.m2\repository\com\google\code\gson\gson\2.8.7\gson-2.8.7.jar;C:\Users\daniel.perea\.m2\repository\com\fasterxml\jackson\core\jackson-core\2.12.4\jackson-core-2.12.4.jar;C:\Users\daniel.perea\.m2\repository\com\fasterxml\jackson\core\jackson-databind\2.12.4\jackson-databind-2.12.4.jar;C:\Users\daniel.perea\.m2\repository\com\fasterxml\jackson\core\jackson-annotations\2.12.4\jackson-annotations-2.12.4.jar;C:\Users\daniel.perea\.m2\repository\commons-codec\commons-codec\1.15\commons-codec-1.15.jar;C:\Users\daniel.perea\.m2\repository\commons-io\commons-io\2.8.0\commons-io-2.8.0.jar;C:\Users\daniel.perea\.m2\repository\org\seleniumhq\selenium\selenium-server\3.141.59\selenium-server-3.141.59.jar;C:\Users\daniel.perea\.m2\repository\org\seleniumhq\selenium\selenium-opera-driver\3.141.59\selenium-opera-driver-3.141.59.jar;C:\Users\daniel.perea\.m2\repository\org\seleniumhq\selenium\selenium-remote-driver\3.141.59\selenium-remote-driver-3.141.59.jar;C:\Users\daniel.perea\.m2\repository\org\seleniumhq\selenium\selenium-safari-driver\3.141.59\selenium-safari-driver-3.141.59.jar;C:\Users\daniel.perea\.m2\repository\com\beust\jcommander\1.72\jcommander-1.72.jar;C:\Users\daniel.perea\.m2\repository\org\apache\commons\commons-exec\1.3\commons-exec-1.3.jar;C:\Users\daniel.perea\.m2\repository\net\jcip\jcip-annotations\1.0\jcip-annotations-1.0.jar;C:\Users\daniel.perea\.m2\repository\org\seleniumhq\selenium\jetty-repacked\9.4.12.v20180830\jetty-repacked-9.4.12.v20180830.jar;C:\Users\daniel.perea\.m2\repository\com\squareup\okhttp3\okhttp\3.11.0\okhttp-3.11.0.jar;C:\Users\daniel.perea\.m2\repository\com\squareup\okio\okio\1.14.0\okio-1.14.0.jar;C:\Users\daniel.perea\.m2\repository\javax\servlet\javax.servlet-api\3.1.0\javax.servlet-api-3.1.0.jar;C:\Users\daniel.perea\.m2\repository\org\yaml\snakeyaml\1.19\snakeyaml-1.19.jar;C:\Users\daniel.perea\.m2\repository\org\seleniumhq\selenium\selenium-java\3.141.59\selenium-java-3.141.59.jar;C:\Users\daniel.perea\.m2\repository\org\seleniumhq\selenium\selenium-api\3.141.59\selenium-api-3.141.59.jar;C:\Users\daniel.perea\.m2\repository\org\seleniumhq\selenium\selenium-support\3.141.59\selenium-support-3.141.59.jar;C:\Users\daniel.perea\.m2\repository\org\seleniumhq\selenium\selenium-chrome-driver\3.141.59\selenium-chrome-driver-3.141.59.jar;C:\Users\daniel.perea\.m2\repository\org\seleniumhq\selenium\selenium-firefox-driver\3.141.59\selenium-firefox-driver-3.141.59.jar;C:\Users\daniel.perea\.m2\repository\org\seleniumhq\selenium\selenium-edge-driver\3.141.59\selenium-edge-driver-3.141.59.jar;C:\Users\daniel.perea\.m2\repository\org\seleniumhq\selenium\selenium-ie-driver\3.141.59\selenium-ie-driver-3.141.59.jar;C:\Users\daniel.perea\.m2\repository\net\sourceforge\htmlunit\htmlunit\2.47.1\htmlunit-2.47.1.jar;C:\Users\daniel.perea\.m2\repository\xalan\xalan\2.7.2\xalan-2.7.2.jar;C:\Users\daniel.perea\.m2\repository\xalan\serializer\2.7.2\serializer-2.7.2.jar;C:\Users\daniel.perea\.m2\repository\org\apache\httpcomponents\httpmime\4.5.13\httpmime-4.5.13.jar;C:\Users\daniel.perea\.m2\repository\net\sourceforge\htmlunit\htmlunit-core-js\2.47.0\htmlunit-core-js-2.47.0.jar;C:\Users\daniel.perea\.m2\repository\net\sourceforge\htmlunit\neko-htmlunit\2.47.1\neko-htmlunit-2.47.1.jar;C:\Users\daniel.perea\.m2\repository\xerces\xercesImpl\2.12.0\xercesImpl-2.12.0.jar;C:\Users\daniel.perea\.m2\repository\xml-apis\xml-apis\1.4.01\xml-apis-1.4.01.jar;C:\Users\daniel.perea\.m2\repository\net\sourceforge\htmlunit\htmlunit-cssparser\1.7.0\htmlunit-cssparser-1.7.0.jar;C:\Users\daniel.perea\.m2\repository\org\brotli\dec\0.1.2\dec-0.1.2.jar;C:\Users\daniel.perea\.m2\repository\com\shapesecurity\salvation2\3.0.0\salvation2-3.0.0.jar;C:\Users\daniel.perea\.m2\repository\org\eclipse\jetty\websocket\websocket-client\9.4.36.v20210114\websocket-client-9.4.36.v20210114.jar;C:\Users\daniel.perea\.m2\repository\org\eclipse\jetty\jetty-client\9.4.36.v20210114\jetty-client-9.4.36.v20210114.jar;C:\Users\daniel.perea\.m2\repository\org\eclipse\jetty\jetty-http\9.4.36.v20210114\jetty-http-9.4.36.v20210114.jar;C:\Users\daniel.perea\.m2\repository\org\eclipse\jetty\jetty-util\9.4.36.v20210114\jetty-util-9.4.36.v20210114.jar;C:\Users\daniel.perea\.m2\repository\org\eclipse\jetty\jetty-io\9.4.36.v20210114\jetty-io-9.4.36.v20210114.jar;C:\Users\daniel.perea\.m2\repository\org\eclipse\jetty\websocket\websocket-common\9.4.36.v20210114\websocket-common-9.4.36.v20210114.jar;C:\Users\daniel.perea\.m2\repository\org\eclipse\jetty\websocket\websocket-api\9.4.36.v20210114\websocket-api-9.4.36.v20210114.jar;C:\Users\daniel.perea\.m2\repository\org\seleniumhq\selenium\htmlunit-driver\2.47.1\htmlunit-driver-2.47.1.jar;C:\Users\daniel.perea\.m2\repository\com\codeborne\phantomjsdriver\1.4.4\phantomjsdriver-1.4.4.jar;C:\Users\daniel.perea\.m2\repository\org\codehaus\groovy\groovy\3.0.8\groovy-3.0.8.jar;C:\Users\daniel.perea\.m2\repository\net\sf\opencsv\opencsv\2.0\opencsv-2.0.jar;C:\Users\daniel.perea\.m2\repository\commons-beanutils\commons-beanutils\1.9.4\commons-beanutils-1.9.4.jar;C:\Users\daniel.perea\.m2\repository\org\apache\commons\commons-lang3\3.11\commons-lang3-3.11.jar;C:\Users\daniel.perea\.m2\repository\commons-collections\commons-collections\3.2.2\commons-collections-3.2.2.jar;C:\Users\daniel.perea\.m2\repository\org\fluentlenium\fluentlenium-core\0.10.2\fluentlenium-core-0.10.2.jar;C:\Users\daniel.perea\.m2\repository\io\github\bonigarcia\webdrivermanager\4.4.1\webdrivermanager-4.4.1.jar;C:\Users\daniel.perea\.m2\repository\org\apache\httpcomponents\client5\httpclient5\5.0.3\httpclient5-5.0.3.jar;C:\Users\daniel.perea\.m2\repository\org\apache\httpcomponents\core5\httpcore5\5.0.2\httpcore5-5.0.2.jar;C:\Users\daniel.perea\.m2\repository\org\apache\httpcomponents\core5\httpcore5-h2\5.0.2\httpcore5-h2-5.0.2.jar;C:\Users\daniel.perea\.m2\repository\org\rauschig\jarchivelib\1.1.0\jarchivelib-1.1.0.jar;C:\Users\daniel.perea\.m2\repository\com\jhlabs\filters\2.0.235\filters-2.0.235.jar;C:\Users\daniel.perea\.m2\repository\com\paulhammant\ngwebdriver\1.1.5\ngwebdriver-1.1.5.jar;C:\Users\daniel.perea\.m2\repository\joda-time\joda-time\2.8.2\joda-time-2.8.2.jar;C:\Users\daniel.perea\.m2\repository\org\hamcrest\hamcrest\2.2\hamcrest-2.2.jar;C:\Users\daniel.perea\.m2\repository\com\google\jimfs\jimfs\1.1\jimfs-1.1.jar;C:\Users\daniel.perea\.m2\repository\org\mockito\mockito-core\3.3.3\mockito-core-3.3.3.jar;C:\Users\daniel.perea\.m2\repository\javax\xml\bind\jaxb-api\2.3.1\jaxb-api-2.3.1.jar;C:\Users\daniel.perea\.m2\repository\javax\activation\javax.activation-api\1.2.0\javax.activation-api-1.2.0.jar;C:\Users\daniel.perea\.m2\repository\com\sun\xml\bind\jaxb-core\2.3.0.1\jaxb-core-2.3.0.1.jar;C:\Users\daniel.perea\.m2\repository\com\sun\xml\bind\jaxb-impl\2.3.3\jaxb-impl-2.3.3.jar;C:\Users\daniel.perea\.m2\repository\jakarta\xml\bind\jakarta.xml.bind-api\2.3.3\jakarta.xml.bind-api-2.3.3.jar;C:\Users\daniel.perea\.m2\repository\com\sun\activation\jakarta.activation\1.2.2\jakarta.activation-1.2.2.jar;C:\Users\daniel.perea\.m2\repository\javax\activation\activation\1.1.1\activation-1.1.1.jar;C:\Users\daniel.perea\.m2\repository\org\projectlombok\lombok\1.18.22\lombok-1.18.22.jar;C:\Users\daniel.perea\.m2\repository\io\appium\java-client\7.5.1\java-client-7.5.1.jar;C:\Users\daniel.perea\.m2\repository\org\apache\httpcomponents\httpclient\4.5.13\httpclient-4.5.13.jar;C:\Users\daniel.perea\.m2\repository\org\apache\httpcomponents\httpcore\4.4.13\httpcore-4.4.13.jar;C:\Users\daniel.perea\.m2\repository\cglib\cglib\3.3.0\cglib-3.3.0.jar;C:\Users\daniel.perea\.m2\repository\org\ow2\asm\asm\7.1\asm-7.1.jar;C:\Users\daniel.perea\.m2\repository\commons-validator\commons-validator\1.7\commons-validator-1.7.jar;C:\Users\daniel.perea\.m2\repository\commons-digester\commons-digester\2.1\commons-digester-2.1.jar;C:\Users\daniel.perea\.m2\repository\org\springframework\spring-context\5.3.4\spring-context-5.3.4.jar;C:\Users\daniel.perea\.m2\repository\org\springframework\spring-aop\5.3.4\spring-aop-5.3.4.jar;C:\Users\daniel.perea\.m2\repository\org\springframework\spring-beans\5.3.4\spring-beans-5.3.4.jar;C:\Users\daniel.perea\.m2\repository\org\springframework\spring-core\5.3.4\spring-core-5.3.4.jar;C:\Users\daniel.perea\.m2\repository\org\springframework\spring-jcl\5.3.4\spring-jcl-5.3.4.jar;C:\Users\daniel.perea\.m2\repository\org\springframework\spring-expression\5.3.4\spring-expression-5.3.4.jar;C:\Users\daniel.perea\.m2\repository\org\aspectj\aspectjweaver\1.9.6\aspectjweaver-1.9.6.jar;C:\Users\daniel.perea\.m2\repository\org\slf4j\slf4j-api\1.7.30\slf4j-api-1.7.30.jar;C:\Users\daniel.perea\.m2\repository\net\serenity-bdd\serenity-screenplay\2.6.0\serenity-screenplay-2.6.0.jar;C:\Users\daniel.perea\.m2\repository\net\serenity-bdd\serenity-screenplay-webdriver\2.6.0\serenity-screenplay-webdriver-2.6.0.jar;C:\Users\daniel.perea\.m2\repository\net\serenity-bdd\serenity-cucumber6\2.6.0\serenity-cucumber6-2.6.0.jar;C:\Users\daniel.perea\.m2\repository\io\cucumber\cucumber-java\6.10.4\cucumber-java-6.10.4.jar;C:\Users\daniel.perea\.m2\repository\org\apiguardian\apiguardian-api\1.1.1\apiguardian-api-1.1.1.jar;C:\Users\daniel.perea\.m2\repository\io\cucumber\cucumber-junit\6.10.4\cucumber-junit-6.10.4.jar;C:\Users\daniel.perea\.m2\repository\io\cucumber\datatable-matchers\3.4.0\datatable-matchers-3.4.0.jar;C:\Users\daniel.perea\.m2\repository\io\cucumber\datatable\3.4.0\datatable-3.4.0.jar;C:\Users\daniel.perea\.m2\repository\commons-logging\commons-logging\1.2\commons-logging-1.2.jar;C:\Users\daniel.perea\.m2\repository\org\apache\commons\commons-csv\1.5\commons-csv-1.5.jar;C:\Users\daniel.perea\.m2\repository\net\serenity-bdd\serenity-junit\2.6.0\serenity-junit-2.6.0.jar;C:\Users\daniel.perea\.m2\repository\net\serenity-bdd\serenity-ensure\2.6.0\serenity-ensure-2.6.0.jar;C:\Users\daniel.perea\.m2\repository\org\jetbrains\kotlin\kotlin-stdlib\1.5.0\kotlin-stdlib-1.5.0.jar;C:\Users\daniel.perea\.m2\repository\org\jetbrains\annotations\13.0\annotations-13.0.jar;C:\Users\daniel.perea\.m2\repository\org\jetbrains\kotlin\kotlin-stdlib-common\1.5.0\kotlin-stdlib-common-1.5.0.jar;C:\Users\daniel.perea\.m2\repository\org\slf4j\slf4j-simple\1.7.7\slf4j-simple-1.7.7.jar;C:\Users\daniel.perea\.m2\repository\junit\junit\4.13.1\junit-4.13.1.jar;C:\Users\daniel.perea\.m2\repository\org\hamcrest\hamcrest-core\1.3\hamcrest-core-1.3.jar;C:\Users\daniel.perea\.m2\repository\org\assertj\assertj-core\3.8.0\assertj-core-3.8.0.jar;C:\Users\daniel.perea\.m2\repository\org\apache\poi\poi\4.1.2\poi-4.1.2.jar;C:\Users\daniel.perea\.m2\repository\org\apache\commons\commons-collections4\4.4\commons-collections4-4.4.jar;C:\Users\daniel.perea\.m2\repository\org\apache\commons\commons-math3\3.6.1\commons-math3-3.6.1.jar;C:\Users\daniel.perea\.m2\repository\com\zaxxer\SparseBitSet\1.2\SparseBitSet-1.2.jar;C:\Users\daniel.perea\.m2\repository\org\apache\poi\poi-ooxml\4.1.2\poi-ooxml-4.1.2.jar;C:\Users\daniel.perea\.m2\repository\org\apache\poi\poi-ooxml-schemas\4.1.2\poi-ooxml-schemas-4.1.2.jar;C:\Users\daniel.perea\.m2\repository\org\apache\xmlbeans\xmlbeans\3.1.0\xmlbeans-3.1.0.jar;C:\Users\daniel.perea\.m2\repository\org\apache\commons\commons-compress\1.19\commons-compress-1.19.jar;C:\Users\daniel.perea\.m2\repository\com\github\virtuald\curvesapi\1.06\curvesapi-1.06.jar;"/>
    <property name="sun.cpu.endian" value="little"/>
    <property name="user.home" value="C:\Users\daniel.perea"/>
    <property name="user.language" value="es"/>
    <property name="java.specification.vendor" value="Oracle Corporation"/>
    <property name="java.home" value="C:\Program Files\Java\jdk1.8.0_202\jre"/>
    <property name="chrome_preferences.download.prompt_for_download" value="false"/>
    <property name="basedir" value="C:\Users\daniel.perea\OneDrive - Valid Solucoes e Servicos em Meios de Pagamentos\Documentos\Automatizaciones\prueba_automatizar"/>
    <property name="file.separator" value="\"/>
    <property name="line.separator" value="&#10;"/>
    <property name="java.vm.specification.vendor" value="Oracle Corporation"/>
    <property name="java.specification.name" value="Java Platform API Specification"/>
    <property name="java.awt.graphicsenv" value="sun.awt.Win32GraphicsEnvironment"/>
    <property name="chrome_preferences.download.default_directory" value="C:\Users\daniel.perea\OneDrive - Valid Solucoes e Servicos em Meios de Pagamentos\Documentos\Automatizaciones\prueba_automatizar\target/downloads"/>
    <property name="surefire.real.class.path" value="C:\Users\DANIEL~1.PER\AppData\Local\Temp\surefire3015959506868759802\surefirebooter677953783054561657.jar"/>
    <property name="sun.boot.class.path" value="C:\Program Files\Java\jdk1.8.0_202\jre\lib\resources.jar;C:\Program Files\Java\jdk1.8.0_202\jre\lib\rt.jar;C:\Program Files\Java\jdk1.8.0_202\jre\lib\sunrsasign.jar;C:\Program Files\Java\jdk1.8.0_202\jre\lib\jsse.jar;C:\Program Files\Java\jdk1.8.0_202\jre\lib\jce.jar;C:\Program Files\Java\jdk1.8.0_202\jre\lib\charsets.jar;C:\Program Files\Java\jdk1.8.0_202\jre\lib\jfr.jar;C:\Program Files\Java\jdk1.8.0_202\jre\classes"/>
    <property name="user.script" value=""/>
    <property name="java.protocol.handler.pkgs" value="com.google.common"/>
    <property name="sun.management.compiler" value="HotSpot 64-Bit Tiered Compilers"/>
    <property name="java.runtime.version" value="1.8.0_202-b08"/>
    <property name="user.name" value="daniel.perea"/>
    <property name="path.separator" value=";"/>
    <property name="os.version" value="10.0"/>
    <property name="java.endorsed.dirs" value="C:\Program Files\Java\jdk1.8.0_202\jre\lib\endorsed"/>
    <property name="java.runtime.name" value="Java(TM) SE Runtime Environment"/>
    <property name="file.encoding" value="Cp1252"/>
    <property name="java.vm.name" value="Java HotSpot(TM) 64-Bit Server VM"/>
    <property name="localRepository" value="C:\Users\daniel.perea\.m2\repository"/>
    <property name="java.vendor.url.bug" value="http://bugreport.sun.com/bugreport/"/>
    <property name="java.io.tmpdir" value="C:\Users\DANIEL~1.PER\AppData\Local\Temp\"/>
    <property name="idea.version" value="2022.1.1"/>
    <property name="java.version" value="1.8.0_202"/>
    <property name="user.dir" value="C:\Users\daniel.perea\OneDrive - Valid Solucoes e Servicos em Meios de Pagamentos\Documentos\Automatizaciones\prueba_automatizar"/>
    <property name="os.arch" value="amd64"/>
    <property name="java.vm.specification.name" value="Java Virtual Machine Specification"/>
    <property name="java.awt.printerjob" value="sun.awt.windows.WPrinterJob"/>
    <property name="sun.os.patch.level" value=""/>
    <property name="java.library.path" value="C:\Program Files\Java\jdk1.8.0_202\jre\bin;C:\Windows\Sun\Java\bin;C:\Windows\system32;C:\Windows;C:\Program Files (x86)\Common Files\Oracle\Java\javapath;C:\Windows\system32;C:\Windows;C:\Windows\System32\Wbem;C:\Windows\System32\WindowsPowerShell\v1.0\;C:\Windows\System32\OpenSSH\;C:\Program Files\PuTTY\;C:\Program Files\nodejs\;C:\gradle-7.5\bin;C:\maven\bin;C:\Users\daniel.perea\AppData\Local\Android\Sdk\tools;C:\Users\daniel.perea\AppData\Local\Android\Sdk\emulator;C:\Users\daniel.perea\AppData\Local\Android\Sdk\platform-tools;%SONAR_HOME%\bin;%SONAR_SCANNER_HOME%\bin;C:\Users\daniel.perea\AppData\Local\Microsoft\WindowsApps;C:\Users\daniel.perea\AppData\Local\Programs\Git\cmd;C:\Users\daniel.perea\AppData\Local\Gpg4win\..\GnuPG\bin;C:\Users\daniel.perea\AppData\Roaming\npm;C:\Sonar\sonarqube-8.9.9.56886\bin;C:\Sonar\sonar-scanner-4.7.0.2747-windows\bin;;."/>
    <property name="java.vm.info" value="mixed mode"/>
    <property name="java.vendor" value="Oracle Corporation"/>
    <property name="java.vm.version" value="25.202-b08"/>
    <property name="java.ext.dirs" value="C:\Program Files\Java\jdk1.8.0_202\jre\lib\ext;C:\Windows\Sun\Java\lib\ext"/>
    <property name="sun.io.unicode.encoding" value="UnicodeLittle"/>
    <property name="java.class.version" value="52.0"/>
  </properties>
  <testcase name="Ingresar a la plataforma de Utest como usuario valido" classname="Como usuario , Yo quiero ingresar a la plataforma Utest para ver todos los cursos" time="73.411">
    <failure message="Expected validar&#10;Expected: is &lt;true&gt;&#10;     but: was &lt;false&gt;" type="java.lang.AssertionError"><![CDATA[java.lang.AssertionError: 
Expected validar
Expected: is <true>
     but: was <false>
]]></failure>
    <system-out><![CDATA[[pool-1-thread-1] INFO io.cucumber.core.plugin.SerenityReporter - Running feature from file:///C:/Users/daniel.perea/OneDrive%20-%20Valid%20Solucoes%20e%20Servicos%20em%20Meios%20de%20Pagamentos/Documentos/Automatizaciones/prueba_automatizar/src/test/resources/features/login.feature
[pool-1-thread-1] INFO  - 

-------------------------------------------------------------------------------------
     _______. _______ .______       _______ .__   __.  __  .___________.____    ____ 
    /       ||   ____||   _  \     |   ____||  \ |  | |  | |           |\   \  /   / 
   |   (----`|  |__   |  |_)  |    |  |__   |   \|  | |  | `---|  |----` \   \/   /  
    \   \    |   __|  |      /     |   __|  |  . `  | |  |     |  |       \_    _/   
.----)   |   |  |____ |  |\  \----.|  |____ |  |\   | |  |     |  |         |  |     
|_______/    |_______|| _| `._____||_______||__| \__| |__|     |__|         |__|    
                                                                                     
 News and tutorials at http://www.serenity-bdd.info                                  
 Documentation at https://wakaleo.gitbooks.io/the-serenity-book/content/             
 Join the Serenity Community on Gitter: https://gitter.im/serenity-bdd/serenity-core 
 Serenity BDD Support and Training at http://serenity-bdd.info/#/trainingandsupport  
-------------------------------------------------------------------------------------

[pool-1-thread-1] INFO  - Test Suite Started: Como usuario , Yo quiero ingresar a la plataforma Utest para ver todos los cursos
[pool-1-thread-1] ERROR  - 
  _____   ___   ___   _____     ___     _     ___   _      ___   ___  
 |_   _| | __| / __| |_   _|   | __|   /_\   |_ _| | |    | __| |   \ 
   | |   | _|  \__ \   | |     | _|   / _ \   | |  | |__  | _|  | |) |
   |_|   |___| |___/   |_|     |_|   /_/ \_\ |___| |____| |___| |___/ 

Ingresar a la plataforma de Utest como usuario valido
-----------------------------------------------------------------------
[pool-1-thread-1] ERROR  -     Test failed at step: Then validar
[pool-1-thread-1] ERROR  -     Expected validarExpected: is <true> but: was <false>

&amp#27;[31mFailed scenarios:&amp#27;[0m
file:///C:/Users/daniel.perea/OneDrive%20-%20Valid%20Solucoes%20e%20Servicos%20em%20Meios%20de%20Pagamentos/Documentos/Automatizaciones/prueba_automatizar/src/test/resources/features/login.feature:5 # Ingresar a la plataforma de Utest como usuario valido

1 Scenarios (&amp#27;[31m1 failed&amp#27;[0m)
3 Steps (&amp#27;[31m1 failed&amp#27;[0m, &amp#27;[32m2 passed&amp#27;[0m)
1m15,004s


java.lang.AssertionError: Expected validar
Expected: is <true>
     but: was <false>
	at net.serenitybdd.screenplay.ErrorTally.throwSummaryExceptionFrom(ErrorTally.java:38)
	at net.serenitybdd.screenplay.ErrorTally.reportAnyErrors(ErrorTally.java:32)
	at net.serenitybdd.screenplay.Actor.should(Actor.java:331)
	at stepdefinitions.LoginStepDefinition.elVeraLaPantallaPrincipal(LoginStepDefinition.java:46)
	at ?.El vera la pantalla principal(file:///C:/Users/daniel.perea/OneDrive%20-%20Valid%20Solucoes%20e%20Servicos%20em%20Meios%20de%20Pagamentos/Documentos/Automatizaciones/prueba_automatizar/src/test/resources/features/login.feature:10)


[pool-1-thread-1] INFO net.thucydides.core.reports.ReportService - net.thucydides.core.reports.json.JSONTestOutcomeReporter@6011504d: Generating report for test outcome: Como usuario , Yo quiero ingresar a la plataforma Utest para ver todos los cursos:Ingresar a la plataforma de Utest como usuario valido
[pool-2-thread-1] INFO net.thucydides.core.reports.ReportService - net.thucydides.core.reports.html.HtmlAcceptanceTestReporter@7f010d82: Generating report for test outcome: Como usuario , Yo quiero ingresar a la plataforma Utest para ver todos los cursos:Ingresar a la plataforma de Utest como usuario valido
[pool-2-thread-1] INFO org.reflections.Reflections - Reflections took 71 ms to scan 13 urls, producing 0 keys and 0 values 
[pool-2-thread-1] WARN net.thucydides.core.requirements.RequirementsTagProvider - Failed to load requirements: Scanner SubTypesScanner was not configured
org.reflections.ReflectionsException: Scanner SubTypesScanner was not configured
	at org.reflections.Store.get(Store.java:39)
	at org.reflections.Store.get(Store.java:61)
	at org.reflections.Store.get(Store.java:46)
	at org.reflections.Store.getAll(Store.java:93)
	at org.reflections.Reflections.getSubTypesOf(Reflections.java:404)
	at net.thucydides.core.requirements.PackageRequirementsTagProvider.findAllClassesUsingReflectionsLibrary(PackageRequirementsTagProvider.java:180)
	at net.thucydides.core.requirements.PackageRequirementsTagProvider.requirementPathsFromClassesInPackage(PackageRequirementsTagProvider.java:170)
	at net.thucydides.core.requirements.PackageRequirementsTagProvider.requirementPathsStartingFrom(PackageRequirementsTagProvider.java:161)
	at net.thucydides.core.requirements.PackageRequirementsTagProvider.requirementsReadFromClasspath(PackageRequirementsTagProvider.java:120)
	at net.thucydides.core.requirements.PackageRequirementsTagProvider.fetchRequirements(PackageRequirementsTagProvider.java:103)
	at net.thucydides.core.requirements.PackageRequirementsTagProvider.getRequirements(PackageRequirementsTagProvider.java:94)
	at net.thucydides.core.requirements.RequirementsProvided.by(RequirementsProvided.java:15)
	at net.thucydides.core.requirements.MultiSourceRequirementsService.getRequirements(MultiSourceRequirementsService.java:40)
	at net.thucydides.core.requirements.BaseRequirementsService.getRequirementTypes(BaseRequirementsService.java:197)
	at net.thucydides.core.reports.html.HtmlAcceptanceTestReporter.addTestOutcomeToContext(HtmlAcceptanceTestReporter.java:188)
	at net.thucydides.core.reports.html.HtmlAcceptanceTestReporter.generateReportFor(HtmlAcceptanceTestReporter.java:105)
	at net.thucydides.core.reports.ReportService.generateReportFor(ReportService.java:246)
	at net.thucydides.core.reports.ReportService.lambda$generateReportsFor$0(ReportService.java:184)
	at java.util.concurrent.Executors$RunnableAdapter.call(Executors.java:511)
	at java.util.concurrent.FutureTask.run(FutureTask.java:266)
	at java.util.concurrent.ThreadPoolExecutor.runWorker(ThreadPoolExecutor.java:1149)
	at java.util.concurrent.ThreadPoolExecutor$Worker.run(ThreadPoolExecutor.java:624)
	at java.lang.Thread.run(Thread.java:748)
[pool-2-thread-1] INFO org.reflections.Reflections - Reflections took 52 ms to scan 13 urls, producing 0 keys and 0 values 
[pool-2-thread-1] WARN net.thucydides.core.requirements.RequirementsTagProvider - Failed to load requirements: Scanner SubTypesScanner was not configured
org.reflections.ReflectionsException: Scanner SubTypesScanner was not configured
	at org.reflections.Store.get(Store.java:39)
	at org.reflections.Store.get(Store.java:61)
	at org.reflections.Store.get(Store.java:46)
	at org.reflections.Store.getAll(Store.java:93)
	at org.reflections.Reflections.getSubTypesOf(Reflections.java:404)
	at net.thucydides.core.requirements.PackageRequirementsTagProvider.findAllClassesUsingReflectionsLibrary(PackageRequirementsTagProvider.java:180)
	at net.thucydides.core.requirements.PackageRequirementsTagProvider.requirementPathsFromClassesInPackage(PackageRequirementsTagProvider.java:170)
	at net.thucydides.core.requirements.PackageRequirementsTagProvider.requirementPathsStartingFrom(PackageRequirementsTagProvider.java:161)
	at net.thucydides.core.requirements.PackageRequirementsTagProvider.requirementsReadFromClasspath(PackageRequirementsTagProvider.java:120)
	at net.thucydides.core.requirements.PackageRequirementsTagProvider.fetchRequirements(PackageRequirementsTagProvider.java:103)
	at net.thucydides.core.requirements.PackageRequirementsTagProvider.getRequirements(PackageRequirementsTagProvider.java:94)
	at net.thucydides.core.requirements.PackageRequirementsTagProvider.getTestCaseRequirementOf(PackageRequirementsTagProvider.java:244)
	at net.thucydides.core.requirements.PackageRequirementsTagProvider.getParentRequirementOf(PackageRequirementsTagProvider.java:233)
	at net.thucydides.core.requirements.ParentRequirementsProvided.forOutcome(ParentRequirementsProvided.java:26)
	at net.thucydides.core.requirements.BaseRequirementsService.getParentRequirementOf(BaseRequirementsService.java:138)
	at net.thucydides.core.requirements.BaseRequirementsService.getParentRequirementFor(BaseRequirementsService.java:48)
	at net.thucydides.core.reports.html.HtmlAcceptanceTestReporter.addParentRequirmentFieldToContext(HtmlAcceptanceTestReporter.java:196)
	at net.thucydides.core.reports.html.HtmlAcceptanceTestReporter.addTestOutcomeToContext(HtmlAcceptanceTestReporter.java:190)
	at net.thucydides.core.reports.html.HtmlAcceptanceTestReporter.generateReportFor(HtmlAcceptanceTestReporter.java:105)
	at net.thucydides.core.reports.ReportService.generateReportFor(ReportService.java:246)
	at net.thucydides.core.reports.ReportService.lambda$generateReportsFor$0(ReportService.java:184)
	at java.util.concurrent.Executors$RunnableAdapter.call(Executors.java:511)
	at java.util.concurrent.FutureTask.run(FutureTask.java:266)
	at java.util.concurrent.ThreadPoolExecutor.runWorker(ThreadPoolExecutor.java:1149)
	at java.util.concurrent.ThreadPoolExecutor$Worker.run(ThreadPoolExecutor.java:624)
	at java.lang.Thread.run(Thread.java:748)
[pool-2-thread-1] INFO org.reflections.Reflections - Reflections took 32 ms to scan 13 urls, producing 0 keys and 0 values 
[pool-2-thread-1] WARN net.thucydides.core.requirements.RequirementsTagProvider - Failed to load requirements: Scanner SubTypesScanner was not configured
org.reflections.ReflectionsException: Scanner SubTypesScanner was not configured
	at org.reflections.Store.get(Store.java:39)
	at org.reflections.Store.get(Store.java:61)
	at org.reflections.Store.get(Store.java:46)
	at org.reflections.Store.getAll(Store.java:93)
	at org.reflections.Reflections.getSubTypesOf(Reflections.java:404)
	at net.thucydides.core.requirements.PackageRequirementsTagProvider.findAllClassesUsingReflectionsLibrary(PackageRequirementsTagProvider.java:180)
	at net.thucydides.core.requirements.PackageRequirementsTagProvider.requirementPathsFromClassesInPackage(PackageRequirementsTagProvider.java:170)
	at net.thucydides.core.requirements.PackageRequirementsTagProvider.requirementPathsStartingFrom(PackageRequirementsTagProvider.java:161)
	at net.thucydides.core.requirements.PackageRequirementsTagProvider.requirementsReadFromClasspath(PackageRequirementsTagProvider.java:120)
	at net.thucydides.core.requirements.PackageRequirementsTagProvider.fetchRequirements(PackageRequirementsTagProvider.java:103)
	at net.thucydides.core.requirements.PackageRequirementsTagProvider.getRequirements(PackageRequirementsTagProvider.java:94)
	at net.thucydides.core.requirements.PackageRequirementsTagProvider.getTestCaseRequirementOf(PackageRequirementsTagProvider.java:244)
	at net.thucydides.core.requirements.PackageRequirementsTagProvider.getParentRequirementOf(PackageRequirementsTagProvider.java:233)
	at net.thucydides.core.requirements.ParentRequirementsProvided.forOutcome(ParentRequirementsProvided.java:26)
	at net.thucydides.core.requirements.BaseRequirementsService.getParentRequirementOf(BaseRequirementsService.java:138)
	at net.thucydides.core.requirements.BaseRequirementsService.getAncestorRequirementsFor(BaseRequirementsService.java:78)
	at net.thucydides.core.reports.html.HtmlAcceptanceTestReporter.addBreadcrumbs(HtmlAcceptanceTestReporter.java:226)
	at net.thucydides.core.reports.html.HtmlAcceptanceTestReporter.addParentRequirmentFieldToContext(HtmlAcceptanceTestReporter.java:214)
	at net.thucydides.core.reports.html.HtmlAcceptanceTestReporter.addTestOutcomeToContext(HtmlAcceptanceTestReporter.java:190)
	at net.thucydides.core.reports.html.HtmlAcceptanceTestReporter.generateReportFor(HtmlAcceptanceTestReporter.java:105)
	at net.thucydides.core.reports.ReportService.generateReportFor(ReportService.java:246)
	at net.thucydides.core.reports.ReportService.lambda$generateReportsFor$0(ReportService.java:184)
	at java.util.concurrent.Executors$RunnableAdapter.call(Executors.java:511)
	at java.util.concurrent.FutureTask.run(FutureTask.java:266)
	at java.util.concurrent.ThreadPoolExecutor.runWorker(ThreadPoolExecutor.java:1149)
	at java.util.concurrent.ThreadPoolExecutor$Worker.run(ThreadPoolExecutor.java:624)
	at java.lang.Thread.run(Thread.java:748)
[pool-2-thread-1] INFO org.reflections.Reflections - Reflections took 23 ms to scan 13 urls, producing 0 keys and 0 values 
[pool-2-thread-1] WARN net.thucydides.core.requirements.RequirementsTagProvider - Failed to load requirements: Scanner SubTypesScanner was not configured
org.reflections.ReflectionsException: Scanner SubTypesScanner was not configured
	at org.reflections.Store.get(Store.java:39)
	at org.reflections.Store.get(Store.java:61)
	at org.reflections.Store.get(Store.java:46)
	at org.reflections.Store.getAll(Store.java:93)
	at org.reflections.Reflections.getSubTypesOf(Reflections.java:404)
	at net.thucydides.core.requirements.PackageRequirementsTagProvider.findAllClassesUsingReflectionsLibrary(PackageRequirementsTagProvider.java:180)
	at net.thucydides.core.requirements.PackageRequirementsTagProvider.requirementPathsFromClassesInPackage(PackageRequirementsTagProvider.java:170)
	at net.thucydides.core.requirements.PackageRequirementsTagProvider.requirementPathsStartingFrom(PackageRequirementsTagProvider.java:161)
	at net.thucydides.core.requirements.PackageRequirementsTagProvider.requirementsReadFromClasspath(PackageRequirementsTagProvider.java:120)
	at net.thucydides.core.requirements.PackageRequirementsTagProvider.fetchRequirements(PackageRequirementsTagProvider.java:103)
	at net.thucydides.core.requirements.PackageRequirementsTagProvider.getRequirements(PackageRequirementsTagProvider.java:94)
	at net.thucydides.core.requirements.PackageRequirementsTagProvider.getTestCaseRequirementOf(PackageRequirementsTagProvider.java:244)
	at net.thucydides.core.requirements.PackageRequirementsTagProvider.getParentRequirementOf(PackageRequirementsTagProvider.java:233)
	at net.thucydides.core.requirements.ParentRequirementsProvided.forOutcome(ParentRequirementsProvided.java:26)
	at net.thucydides.core.requirements.BaseRequirementsService.getParentRequirementOf(BaseRequirementsService.java:138)
	at net.thucydides.core.requirements.BaseRequirementsService.getAncestorRequirementsFor(BaseRequirementsService.java:78)
	at net.thucydides.core.tags.BreadcrumbTagFilter.getRequirementBreadcrumbsFrom(BreadcrumbTagFilter.java:51)
	at net.thucydides.core.reports.html.HtmlAcceptanceTestReporter.addBreadcrumbs(HtmlAcceptanceTestReporter.java:227)
	at net.thucydides.core.reports.html.HtmlAcceptanceTestReporter.addParentRequirmentFieldToContext(HtmlAcceptanceTestReporter.java:214)
	at net.thucydides.core.reports.html.HtmlAcceptanceTestReporter.addTestOutcomeToContext(HtmlAcceptanceTestReporter.java:190)
	at net.thucydides.core.reports.html.HtmlAcceptanceTestReporter.generateReportFor(HtmlAcceptanceTestReporter.java:105)
	at net.thucydides.core.reports.ReportService.generateReportFor(ReportService.java:246)
	at net.thucydides.core.reports.ReportService.lambda$generateReportsFor$0(ReportService.java:184)
	at java.util.concurrent.Executors$RunnableAdapter.call(Executors.java:511)
	at java.util.concurrent.FutureTask.run(FutureTask.java:266)
	at java.util.concurrent.ThreadPoolExecutor.runWorker(ThreadPoolExecutor.java:1149)
	at java.util.concurrent.ThreadPoolExecutor$Worker.run(ThreadPoolExecutor.java:624)
	at java.lang.Thread.run(Thread.java:748)
[pool-2-thread-1] INFO org.reflections.Reflections - Reflections took 30 ms to scan 13 urls, producing 0 keys and 0 values 
[pool-2-thread-1] WARN net.thucydides.core.requirements.RequirementsTagProvider - Failed to load requirements: Scanner SubTypesScanner was not configured
org.reflections.ReflectionsException: Scanner SubTypesScanner was not configured
	at org.reflections.Store.get(Store.java:39)
	at org.reflections.Store.get(Store.java:61)
	at org.reflections.Store.get(Store.java:46)
	at org.reflections.Store.getAll(Store.java:93)
	at org.reflections.Reflections.getSubTypesOf(Reflections.java:404)
	at net.thucydides.core.requirements.PackageRequirementsTagProvider.findAllClassesUsingReflectionsLibrary(PackageRequirementsTagProvider.java:180)
	at net.thucydides.core.requirements.PackageRequirementsTagProvider.requirementPathsFromClassesInPackage(PackageRequirementsTagProvider.java:170)
	at net.thucydides.core.requirements.PackageRequirementsTagProvider.requirementPathsStartingFrom(PackageRequirementsTagProvider.java:161)
	at net.thucydides.core.requirements.PackageRequirementsTagProvider.requirementsReadFromClasspath(PackageRequirementsTagProvider.java:120)
	at net.thucydides.core.requirements.PackageRequirementsTagProvider.fetchRequirements(PackageRequirementsTagProvider.java:103)
	at net.thucydides.core.requirements.PackageRequirementsTagProvider.getRequirements(PackageRequirementsTagProvider.java:94)
	at net.thucydides.core.requirements.PackageRequirementsTagProvider.getTestCaseRequirementOf(PackageRequirementsTagProvider.java:244)
	at net.thucydides.core.requirements.PackageRequirementsTagProvider.getParentRequirementOf(PackageRequirementsTagProvider.java:233)
	at net.thucydides.core.requirements.ParentRequirementsProvided.forOutcome(ParentRequirementsProvided.java:26)
	at net.thucydides.core.requirements.BaseRequirementsService.getParentRequirementOf(BaseRequirementsService.java:138)
	at net.thucydides.core.requirements.BaseRequirementsService.getParentRequirementFor(BaseRequirementsService.java:48)
	at net.thucydides.core.reports.html.HtmlAcceptanceTestReporter.addParentRequirmentFieldToContext(HtmlAcceptanceTestReporter.java:196)
	at net.thucydides.core.reports.html.HtmlAcceptanceTestReporter.addTestOutcomeToContext(HtmlAcceptanceTestReporter.java:190)
	at net.thucydides.core.reports.html.HtmlAcceptanceTestReporter.generateScreenshotReportsFor(HtmlAcceptanceTestReporter.java:254)
	at net.thucydides.core.reports.html.HtmlAcceptanceTestReporter.generateReportFor(HtmlAcceptanceTestReporter.java:108)
	at net.thucydides.core.reports.ReportService.generateReportFor(ReportService.java:246)
	at net.thucydides.core.reports.ReportService.lambda$generateReportsFor$0(ReportService.java:184)
	at java.util.concurrent.Executors$RunnableAdapter.call(Executors.java:511)
	at java.util.concurrent.FutureTask.run(FutureTask.java:266)
	at java.util.concurrent.ThreadPoolExecutor.runWorker(ThreadPoolExecutor.java:1149)
	at java.util.concurrent.ThreadPoolExecutor$Worker.run(ThreadPoolExecutor.java:624)
	at java.lang.Thread.run(Thread.java:748)
[pool-2-thread-1] INFO org.reflections.Reflections - Reflections took 32 ms to scan 13 urls, producing 0 keys and 0 values 
[pool-2-thread-1] WARN net.thucydides.core.requirements.RequirementsTagProvider - Failed to load requirements: Scanner SubTypesScanner was not configured
org.reflections.ReflectionsException: Scanner SubTypesScanner was not configured
	at org.reflections.Store.get(Store.java:39)
	at org.reflections.Store.get(Store.java:61)
	at org.reflections.Store.get(Store.java:46)
	at org.reflections.Store.getAll(Store.java:93)
	at org.reflections.Reflections.getSubTypesOf(Reflections.java:404)
	at net.thucydides.core.requirements.PackageRequirementsTagProvider.findAllClassesUsingReflectionsLibrary(PackageRequirementsTagProvider.java:180)
	at net.thucydides.core.requirements.PackageRequirementsTagProvider.requirementPathsFromClassesInPackage(PackageRequirementsTagProvider.java:170)
	at net.thucydides.core.requirements.PackageRequirementsTagProvider.requirementPathsStartingFrom(PackageRequirementsTagProvider.java:161)
	at net.thucydides.core.requirements.PackageRequirementsTagProvider.requirementsReadFromClasspath(PackageRequirementsTagProvider.java:120)
	at net.thucydides.core.requirements.PackageRequirementsTagProvider.fetchRequirements(PackageRequirementsTagProvider.java:103)
	at net.thucydides.core.requirements.PackageRequirementsTagProvider.getRequirements(PackageRequirementsTagProvider.java:94)
	at net.thucydides.core.requirements.PackageRequirementsTagProvider.getTestCaseRequirementOf(PackageRequirementsTagProvider.java:244)
	at net.thucydides.core.requirements.PackageRequirementsTagProvider.getParentRequirementOf(PackageRequirementsTagProvider.java:233)
	at net.thucydides.core.requirements.ParentRequirementsProvided.forOutcome(ParentRequirementsProvided.java:26)
	at net.thucydides.core.requirements.BaseRequirementsService.getParentRequirementOf(BaseRequirementsService.java:138)
	at net.thucydides.core.requirements.BaseRequirementsService.getAncestorRequirementsFor(BaseRequirementsService.java:78)
	at net.thucydides.core.reports.html.HtmlAcceptanceTestReporter.addBreadcrumbs(HtmlAcceptanceTestReporter.java:226)
	at net.thucydides.core.reports.html.HtmlAcceptanceTestReporter.addParentRequirmentFieldToContext(HtmlAcceptanceTestReporter.java:214)
	at net.thucydides.core.reports.html.HtmlAcceptanceTestReporter.addTestOutcomeToContext(HtmlAcceptanceTestReporter.java:190)
	at net.thucydides.core.reports.html.HtmlAcceptanceTestReporter.generateScreenshotReportsFor(HtmlAcceptanceTestReporter.java:254)
	at net.thucydides.core.reports.html.HtmlAcceptanceTestReporter.generateReportFor(HtmlAcceptanceTestReporter.java:108)
	at net.thucydides.core.reports.ReportService.generateReportFor(ReportService.java:246)
	at net.thucydides.core.reports.ReportService.lambda$generateReportsFor$0(ReportService.java:184)
	at java.util.concurrent.Executors$RunnableAdapter.call(Executors.java:511)
	at java.util.concurrent.FutureTask.run(FutureTask.java:266)
	at java.util.concurrent.ThreadPoolExecutor.runWorker(ThreadPoolExecutor.java:1149)
	at java.util.concurrent.ThreadPoolExecutor$Worker.run(ThreadPoolExecutor.java:624)
	at java.lang.Thread.run(Thread.java:748)
[pool-2-thread-1] INFO org.reflections.Reflections - Reflections took 34 ms to scan 13 urls, producing 0 keys and 0 values 
[pool-2-thread-1] WARN net.thucydides.core.requirements.RequirementsTagProvider - Failed to load requirements: Scanner SubTypesScanner was not configured
org.reflections.ReflectionsException: Scanner SubTypesScanner was not configured
	at org.reflections.Store.get(Store.java:39)
	at org.reflections.Store.get(Store.java:61)
	at org.reflections.Store.get(Store.java:46)
	at org.reflections.Store.getAll(Store.java:93)
	at org.reflections.Reflections.getSubTypesOf(Reflections.java:404)
	at net.thucydides.core.requirements.PackageRequirementsTagProvider.findAllClassesUsingReflectionsLibrary(PackageRequirementsTagProvider.java:180)
	at net.thucydides.core.requirements.PackageRequirementsTagProvider.requirementPathsFromClassesInPackage(PackageRequirementsTagProvider.java:170)
	at net.thucydides.core.requirements.PackageRequirementsTagProvider.requirementPathsStartingFrom(PackageRequirementsTagProvider.java:161)
	at net.thucydides.core.requirements.PackageRequirementsTagProvider.requirementsReadFromClasspath(PackageRequirementsTagProvider.java:120)
	at net.thucydides.core.requirements.PackageRequirementsTagProvider.fetchRequirements(PackageRequirementsTagProvider.java:103)
	at net.thucydides.core.requirements.PackageRequirementsTagProvider.getRequirements(PackageRequirementsTagProvider.java:94)
	at net.thucydides.core.requirements.PackageRequirementsTagProvider.getTestCaseRequirementOf(PackageRequirementsTagProvider.java:244)
	at net.thucydides.core.requirements.PackageRequirementsTagProvider.getParentRequirementOf(PackageRequirementsTagProvider.java:233)
	at net.thucydides.core.requirements.ParentRequirementsProvided.forOutcome(ParentRequirementsProvided.java:26)
	at net.thucydides.core.requirements.BaseRequirementsService.getParentRequirementOf(BaseRequirementsService.java:138)
	at net.thucydides.core.requirements.BaseRequirementsService.getAncestorRequirementsFor(BaseRequirementsService.java:78)
	at net.thucydides.core.tags.BreadcrumbTagFilter.getRequirementBreadcrumbsFrom(BreadcrumbTagFilter.java:51)
	at net.thucydides.core.reports.html.HtmlAcceptanceTestReporter.addBreadcrumbs(HtmlAcceptanceTestReporter.java:227)
	at net.thucydides.core.reports.html.HtmlAcceptanceTestReporter.addParentRequirmentFieldToContext(HtmlAcceptanceTestReporter.java:214)
	at net.thucydides.core.reports.html.HtmlAcceptanceTestReporter.addTestOutcomeToContext(HtmlAcceptanceTestReporter.java:190)
	at net.thucydides.core.reports.html.HtmlAcceptanceTestReporter.generateScreenshotReportsFor(HtmlAcceptanceTestReporter.java:254)
	at net.thucydides.core.reports.html.HtmlAcceptanceTestReporter.generateReportFor(HtmlAcceptanceTestReporter.java:108)
	at net.thucydides.core.reports.ReportService.generateReportFor(ReportService.java:246)
	at net.thucydides.core.reports.ReportService.lambda$generateReportsFor$0(ReportService.java:184)
	at java.util.concurrent.Executors$RunnableAdapter.call(Executors.java:511)
	at java.util.concurrent.FutureTask.run(FutureTask.java:266)
	at java.util.concurrent.ThreadPoolExecutor.runWorker(ThreadPoolExecutor.java:1149)
	at java.util.concurrent.ThreadPoolExecutor$Worker.run(ThreadPoolExecutor.java:624)
	at java.lang.Thread.run(Thread.java:748)
[pool-1-thread-1] INFO io.cucumber.core.plugin.SerenityReporter - Cleanup test resources for URI file:///C:/Users/daniel.perea/OneDrive%20-%20Valid%20Solucoes%20e%20Servicos%20em%20Meios%20de%20Pagamentos/Documentos/Automatizaciones/prueba_automatizar/src/test/resources/features/login.feature
]]></system-out>
    <system-err><![CDATA[[pool-1-thread-1] INFO io.cucumber.core.plugin.SerenityReporter - Running feature from file:///C:/Users/daniel.perea/OneDrive%20-%20Valid%20Solucoes%20e%20Servicos%20em%20Meios%20de%20Pagamentos/Documentos/Automatizaciones/prueba_automatizar/src/test/resources/features/login.feature
[pool-1-thread-1] INFO  - 
  _____   ___   ___   _____     ___   _____     _     ___   _____   ___   ___  
 |_   _| | __| / __| |_   _|   / __| |_   _|   /_\   | _ \ |_   _| | __| |   \ 
   | |   | _|  \__ \   | |     \__ \   | |    / _ \  |   /   | |   | _|  | |) |
   |_|   |___| |___/   |_|     |___/   |_|   /_/ \_\ |_|_\   |_|   |___| |___/ 

Ingresar a la plataforma de Utest como usuario valido(como-usuario---yo-quiero-ingresar-a-la-plataforma-utest-para-ver-todos-los-cursos;ingresar-a-la-plataforma-de-utest-como-usuario-valido)
--------------------------------------------------------------------------------
[pool-1-thread-1] INFO net.thucydides.core.model.TestOutcome - SetUserStory Como usuario , Yo quiero ingresar a la plataforma Utest para ver todos los cursos
[pool-1-thread-1] INFO net.thucydides.core.model.TestOutcome - SetUserStory Como usuario , Yo quiero ingresar a la plataforma Utest para ver todos los cursos
[pool-1-thread-1] INFO net.serenitybdd.core.webdriver.driverproviders.ChromeDriverProvider - Using automatically driver download
[pool-1-thread-1] INFO io.github.bonigarcia.wdm.WebDriverManager - Using chromedriver 105.0.5195.52 (resolved driver for Chrome 105)
[pool-1-thread-1] INFO io.github.bonigarcia.wdm.WebDriverManager - Exporting webdriver.chrome.driver as C:\Users\daniel.perea\.cache\selenium\chromedriver\win32\105.0.5195.52\chromedriver.exe
[pool-1-thread-1] INFO net.serenitybdd.core.webdriver.driverproviders.ProvideNewDriver - Instantiating driver
[pool-1-thread-1] INFO net.serenitybdd.core.webdriver.driverproviders.ProvideNewDriver - Driver capabilities: Capabilities {.driver: chromedriver.exe, acceptInsecureCerts: false, browserName: chrome, driver: chrome, goog:chromeOptions: {args: [--start-maximized], extensions: [], prefs: {download.default_directory: C:\Users\daniel.perea\OneDr..., download.prompt_for_download: false, profile.default_content_settings.popupsy: 0}}, loggingPrefs: org.openqa.selenium.logging..., timeouts.implicitlywait: 30000, wait.for.timeout: 10000}
Starting ChromeDriver 105.0.5195.52 (412c95e518836d8a7d97250d62b29c2ae6a26a85-refs/branch-heads/5195@{#853}) on port 26313
Only local connections are allowed.
Please see https://chromedriver.chromium.org/security-considerations for suggestions on keeping ChromeDriver safe.
ChromeDriver was started successfully.
sep 16, 2022 8:35:19 AM org.openqa.selenium.remote.ProtocolHandshake createSession
INFORMACIÓN: Detected dialect: W3C
]]></system-err>
  </testcase>
</testsuite>